mode: set
github.com/tinode/chat/monitoring/exporter/influxdb_exporter.go:26.70,38.2 3 0
github.com/tinode/chat/monitoring/exporter/influxdb_exporter.go:41.41,43.16 2 0
github.com/tinode/chat/monitoring/exporter/influxdb_exporter.go:43.16,45.3 1 0
github.com/tinode/chat/monitoring/exporter/influxdb_exporter.go:46.2,48.28 3 0
github.com/tinode/chat/monitoring/exporter/influxdb_exporter.go:48.28,49.26 1 0
github.com/tinode/chat/monitoring/exporter/influxdb_exporter.go:50.16,51.74 1 0
github.com/tinode/chat/monitoring/exporter/influxdb_exporter.go:52.19,55.43 3 0
github.com/tinode/chat/monitoring/exporter/influxdb_exporter.go:55.43,57.5 1 0
github.com/tinode/chat/monitoring/exporter/influxdb_exporter.go:58.11,59.43 1 0
github.com/tinode/chat/monitoring/exporter/influxdb_exporter.go:62.2,63.16 2 0
github.com/tinode/chat/monitoring/exporter/influxdb_exporter.go:63.16,65.3 1 0
github.com/tinode/chat/monitoring/exporter/influxdb_exporter.go:66.2,68.16 3 0
github.com/tinode/chat/monitoring/exporter/influxdb_exporter.go:68.16,70.3 1 0
github.com/tinode/chat/monitoring/exporter/influxdb_exporter.go:71.2,73.28 2 0
github.com/tinode/chat/monitoring/exporter/influxdb_exporter.go:73.28,75.55 2 0
github.com/tinode/chat/monitoring/exporter/influxdb_exporter.go:75.55,77.4 1 0
github.com/tinode/chat/monitoring/exporter/influxdb_exporter.go:77.9,79.4 1 0
github.com/tinode/chat/monitoring/exporter/influxdb_exporter.go:81.3,81.54 1 0
github.com/tinode/chat/monitoring/exporter/influxdb_exporter.go:83.2,83.12 1 0
github.com/tinode/chat/monitoring/exporter/influxdb_exporter.go:86.91,88.16 2 0
github.com/tinode/chat/monitoring/exporter/influxdb_exporter.go:88.16,90.3 1 0
github.com/tinode/chat/monitoring/exporter/influxdb_exporter.go:94.2,96.30 3 0
github.com/tinode/chat/monitoring/exporter/influxdb_exporter.go:96.30,100.3 2 0
github.com/tinode/chat/monitoring/exporter/influxdb_exporter.go:101.2,103.27 3 0
github.com/tinode/chat/monitoring/exporter/influxdb_exporter.go:103.27,105.3 1 0
github.com/tinode/chat/monitoring/exporter/influxdb_exporter.go:106.2,107.21 2 0
github.com/tinode/chat/monitoring/exporter/influxdb_exporter.go:110.73,114.30 1 0
github.com/tinode/chat/monitoring/exporter/influxdb_exporter.go:114.30,116.3 1 0
github.com/tinode/chat/monitoring/exporter/influxdb_exporter.go:117.2,117.40 1 0
github.com/tinode/chat/monitoring/exporter/main.go:30.51,32.2 1 0
github.com/tinode/chat/monitoring/exporter/main.go:34.44,36.28 2 0
github.com/tinode/chat/monitoring/exporter/main.go:36.28,38.3 1 0
github.com/tinode/chat/monitoring/exporter/main.go:39.2,39.16 1 0
github.com/tinode/chat/monitoring/exporter/main.go:57.13,98.31 5 0
github.com/tinode/chat/monitoring/exporter/main.go:98.31,100.3 1 0
github.com/tinode/chat/monitoring/exporter/main.go:100.8,100.36 1 0
github.com/tinode/chat/monitoring/exporter/main.go:100.36,102.3 1 0
github.com/tinode/chat/monitoring/exporter/main.go:102.8,104.3 1 0
github.com/tinode/chat/monitoring/exporter/main.go:106.2,106.17 1 0
github.com/tinode/chat/monitoring/exporter/main.go:107.19,108.30 1 0
github.com/tinode/chat/monitoring/exporter/main.go:108.30,110.4 1 0
github.com/tinode/chat/monitoring/exporter/main.go:111.21,112.32 1 0
github.com/tinode/chat/monitoring/exporter/main.go:112.32,114.4 1 0
github.com/tinode/chat/monitoring/exporter/main.go:115.3,115.29 1 0
github.com/tinode/chat/monitoring/exporter/main.go:115.29,117.4 1 0
github.com/tinode/chat/monitoring/exporter/main.go:118.3,118.26 1 0
github.com/tinode/chat/monitoring/exporter/main.go:118.26,120.4 1 0
github.com/tinode/chat/monitoring/exporter/main.go:121.3,121.61 1 0
github.com/tinode/chat/monitoring/exporter/main.go:121.61,123.4 1 0
github.com/tinode/chat/monitoring/exporter/main.go:124.3,124.71 1 0
github.com/tinode/chat/monitoring/exporter/main.go:124.71,127.4 2 0
github.com/tinode/chat/monitoring/exporter/main.go:131.2,131.68 1 0
github.com/tinode/chat/monitoring/exporter/main.go:131.68,133.18 2 0
github.com/tinode/chat/monitoring/exporter/main.go:134.20,135.99 1 0
github.com/tinode/chat/monitoring/exporter/main.go:136.22,137.71 1 0
github.com/tinode/chat/monitoring/exporter/main.go:140.3,145.18 1 0
github.com/tinode/chat/monitoring/exporter/main.go:148.2,153.17 5 0
github.com/tinode/chat/monitoring/exporter/main.go:154.19,170.4 5 0
github.com/tinode/chat/monitoring/exporter/main.go:171.21,175.30 3 0
github.com/tinode/chat/monitoring/exporter/main.go:175.30,176.14 1 0
github.com/tinode/chat/monitoring/exporter/main.go:176.14,179.9 3 0
github.com/tinode/chat/monitoring/exporter/main.go:179.9,180.27 1 0
github.com/tinode/chat/monitoring/exporter/main.go:180.27,181.53 1 0
github.com/tinode/chat/monitoring/exporter/main.go:181.53,183.8 1 0
github.com/tinode/chat/monitoring/exporter/main.go:184.12,186.7 1 0
github.com/tinode/chat/monitoring/exporter/main.go:189.9,191.4 1 0
github.com/tinode/chat/monitoring/exporter/main.go:193.3,193.73 1 0
github.com/tinode/chat/monitoring/exporter/main.go:193.73,195.50 2 0
github.com/tinode/chat/monitoring/exporter/main.go:195.50,197.5 1 0
github.com/tinode/chat/monitoring/exporter/main.go:197.10,199.5 1 0
github.com/tinode/chat/monitoring/exporter/main.go:201.4,204.18 1 0
github.com/tinode/chat/monitoring/exporter/main.go:208.2,210.50 3 0
github.com/tinode/chat/monitoring/exporter/prom_exporter.go:53.103,210.2 1 0
github.com/tinode/chat/monitoring/exporter/prom_exporter.go:214.61,247.2 25 0
github.com/tinode/chat/monitoring/exporter/prom_exporter.go:251.61,253.50 2 0
github.com/tinode/chat/monitoring/exporter/prom_exporter.go:253.50,256.3 2 0
github.com/tinode/chat/monitoring/exporter/prom_exporter.go:256.8,257.49 1 0
github.com/tinode/chat/monitoring/exporter/prom_exporter.go:257.49,259.4 1 0
github.com/tinode/chat/monitoring/exporter/prom_exporter.go:262.2,262.70 1 0
github.com/tinode/chat/monitoring/exporter/prom_exporter.go:265.100,301.2 2 0
github.com/tinode/chat/monitoring/exporter/prom_exporter.go:304.50,306.16 2 0
github.com/tinode/chat/monitoring/exporter/prom_exporter.go:306.16,308.3 1 0
github.com/tinode/chat/monitoring/exporter/prom_exporter.go:309.2,310.12 2 0
github.com/tinode/chat/monitoring/exporter/prom_exporter.go:314.50,316.16 2 0
github.com/tinode/chat/monitoring/exporter/prom_exporter.go:316.16,318.3 1 0
github.com/tinode/chat/monitoring/exporter/prom_exporter.go:319.2,320.12 2 0
github.com/tinode/chat/monitoring/exporter/prom_exporter.go:323.38,324.25 1 0
github.com/tinode/chat/monitoring/exporter/prom_exporter.go:324.25,325.15 1 0
github.com/tinode/chat/monitoring/exporter/prom_exporter.go:325.15,327.4 1 0
github.com/tinode/chat/monitoring/exporter/prom_exporter.go:329.2,329.12 1 0
github.com/tinode/chat/monitoring/exporter/scraper.go:33.64,35.16 2 0
github.com/tinode/chat/monitoring/exporter/scraper.go:35.16,38.3 2 0
github.com/tinode/chat/monitoring/exporter/scraper.go:39.2,40.16 2 0
github.com/tinode/chat/monitoring/exporter/scraper.go:40.16,42.3 1 0
github.com/tinode/chat/monitoring/exporter/scraper.go:43.2,44.21 2 0
github.com/tinode/chat/monitoring/exporter/scraper.go:48.60,50.16 2 0
github.com/tinode/chat/monitoring/exporter/scraper.go:50.16,53.3 2 0
github.com/tinode/chat/monitoring/exporter/scraper.go:54.2,58.19 4 0
github.com/tinode/chat/monitoring/exporter/scraper.go:61.95,63.38 2 0
github.com/tinode/chat/monitoring/exporter/scraper.go:63.38,64.55 1 0
github.com/tinode/chat/monitoring/exporter/scraper.go:64.55,66.4 1 0
github.com/tinode/chat/monitoring/exporter/scraper.go:66.9,68.4 1 0
github.com/tinode/chat/monitoring/exporter/scraper.go:70.2,70.41 1 0
github.com/tinode/chat/monitoring/exporter/scraper.go:70.41,71.53 1 0
github.com/tinode/chat/monitoring/exporter/scraper.go:71.53,73.4 1 0
github.com/tinode/chat/monitoring/exporter/scraper.go:73.9,75.4 1 0
github.com/tinode/chat/monitoring/exporter/scraper.go:77.2,77.21 1 0
github.com/tinode/chat/monitoring/exporter/scraper.go:83.79,86.16 2 0
github.com/tinode/chat/monitoring/exporter/scraper.go:86.16,88.3 1 0
github.com/tinode/chat/monitoring/exporter/scraper.go:89.2,90.16 2 0
github.com/tinode/chat/monitoring/exporter/scraper.go:90.16,92.3 1 0
github.com/tinode/chat/monitoring/exporter/scraper.go:93.2,94.16 2 0
github.com/tinode/chat/monitoring/exporter/scraper.go:94.16,96.3 1 0
github.com/tinode/chat/monitoring/exporter/scraper.go:97.2,98.16 2 0
github.com/tinode/chat/monitoring/exporter/scraper.go:98.16,100.3 1 0
github.com/tinode/chat/monitoring/exporter/scraper.go:101.2,102.24 2 0
github.com/tinode/chat/monitoring/exporter/scraper.go:102.24,104.3 1 0
github.com/tinode/chat/monitoring/exporter/scraper.go:105.2,107.27 3 0
github.com/tinode/chat/monitoring/exporter/scraper.go:107.27,110.3 2 0
github.com/tinode/chat/monitoring/exporter/scraper.go:111.2,111.73 1 0
github.com/tinode/chat/monitoring/exporter/scraper.go:115.78,117.16 2 0
github.com/tinode/chat/monitoring/exporter/scraper.go:117.16,119.3 1 0
github.com/tinode/chat/monitoring/exporter/scraper.go:120.2,121.9 2 0
github.com/tinode/chat/monitoring/exporter/scraper.go:121.9,124.3 2 0
github.com/tinode/chat/monitoring/exporter/scraper.go:125.2,126.28 2 0
github.com/tinode/chat/monitoring/exporter/scraper.go:126.28,128.3 1 0
github.com/tinode/chat/monitoring/exporter/scraper.go:129.2,129.20 1 0
github.com/tinode/chat/monitoring/exporter/scraper.go:133.79,135.16 2 0
github.com/tinode/chat/monitoring/exporter/scraper.go:135.16,137.3 1 0
github.com/tinode/chat/monitoring/exporter/scraper.go:138.2,139.9 2 0
github.com/tinode/chat/monitoring/exporter/scraper.go:139.9,142.3 2 0
github.com/tinode/chat/monitoring/exporter/scraper.go:143.2,143.22 1 0
github.com/tinode/chat/monitoring/exporter/scraper.go:147.82,152.34 5 0
github.com/tinode/chat/monitoring/exporter/scraper.go:152.34,154.10 2 0
github.com/tinode/chat/monitoring/exporter/scraper.go:154.10,157.4 2 0
github.com/tinode/chat/monitoring/exporter/scraper.go:158.3,159.13 2 0
github.com/tinode/chat/monitoring/exporter/scraper.go:159.13,162.4 2 0
github.com/tinode/chat/monitoring/exporter/scraper.go:165.2,165.19 1 0
github.com/tinode/chat/keygen/keygen.go:23.13,31.19 6 0
github.com/tinode/chat/keygen/keygen.go:31.19,32.22 1 0
github.com/tinode/chat/keygen/keygen.go:32.22,35.4 2 0
github.com/tinode/chat/keygen/keygen.go:36.3,36.40 1 0
github.com/tinode/chat/keygen/keygen.go:37.8,39.3 1 0
github.com/tinode/chat/keygen/keygen.go:57.61,61.23 3 1
github.com/tinode/chat/keygen/keygen.go:61.23,64.17 3 1
github.com/tinode/chat/keygen/keygen.go:64.17,68.4 2 0
github.com/tinode/chat/keygen/keygen.go:69.8,72.17 3 1
github.com/tinode/chat/keygen/keygen.go:72.17,75.4 1 1
github.com/tinode/chat/keygen/keygen.go:76.3,76.17 1 1
github.com/tinode/chat/keygen/keygen.go:76.17,80.4 2 1
github.com/tinode/chat/keygen/keygen.go:83.2,99.17 11 1
github.com/tinode/chat/keygen/keygen.go:99.17,101.3 1 1
github.com/tinode/chat/keygen/keygen.go:101.8,103.3 1 1
github.com/tinode/chat/keygen/keygen.go:105.2,108.10 2 1
github.com/tinode/chat/keygen/keygen.go:111.54,120.16 7 1
github.com/tinode/chat/keygen/keygen.go:120.16,123.3 1 1
github.com/tinode/chat/keygen/keygen.go:124.2,124.16 1 1
github.com/tinode/chat/keygen/keygen.go:124.16,128.3 2 1
github.com/tinode/chat/keygen/keygen.go:130.2,130.83 1 1
github.com/tinode/chat/keygen/keygen.go:130.83,134.3 2 1
github.com/tinode/chat/keygen/keygen.go:136.2,137.16 2 0
github.com/tinode/chat/keygen/keygen.go:137.16,141.3 2 0
github.com/tinode/chat/keygen/keygen.go:143.2,146.18 3 0
github.com/tinode/chat/keygen/keygen.go:146.18,150.3 2 0
github.com/tinode/chat/keygen/keygen.go:152.2,155.122 3 0
github.com/tinode/chat/keygen/keygen.go:155.122,159.3 2 0
github.com/tinode/chat/keygen/keygen.go:161.2,165.17 4 0
github.com/tinode/chat/keygen/keygen.go:165.17,167.3 1 0
github.com/tinode/chat/keygen/keygen.go:167.8,169.3 1 0
github.com/tinode/chat/keygen/keygen.go:171.2,173.10 2 0
github.com/tinode/chat/pbx/model.pb.go:49.38,53.2 3 1
github.com/tinode/chat/pbx/model.pb.go:55.36,57.2 1 0
github.com/tinode/chat/pbx/model.pb.go:59.59,61.2 1 0
github.com/tinode/chat/pbx/model.pb.go:63.47,65.2 1 0
github.com/tinode/chat/pbx/model.pb.go:67.53,69.2 1 0
github.com/tinode/chat/pbx/model.pb.go:72.51,74.2 1 0
github.com/tinode/chat/pbx/model.pb.go:105.36,109.2 3 0
github.com/tinode/chat/pbx/model.pb.go:111.35,113.2 1 1
github.com/tinode/chat/pbx/model.pb.go:115.58,117.2 1 1
github.com/tinode/chat/pbx/model.pb.go:119.46,121.2 1 0
github.com/tinode/chat/pbx/model.pb.go:123.52,125.2 1 0
github.com/tinode/chat/pbx/model.pb.go:128.50,130.2 1 0
github.com/tinode/chat/pbx/model.pb.go:170.38,174.2 3 0
github.com/tinode/chat/pbx/model.pb.go:176.36,178.2 1 0
github.com/tinode/chat/pbx/model.pb.go:180.59,182.2 1 0
github.com/tinode/chat/pbx/model.pb.go:184.47,186.2 1 0
github.com/tinode/chat/pbx/model.pb.go:188.53,190.2 1 0
github.com/tinode/chat/pbx/model.pb.go:193.51,195.2 1 0
github.com/tinode/chat/pbx/model.pb.go:228.36,232.2 3 0
github.com/tinode/chat/pbx/model.pb.go:234.35,236.2 1 0
github.com/tinode/chat/pbx/model.pb.go:238.58,240.2 1 0
github.com/tinode/chat/pbx/model.pb.go:242.46,244.2 1 0
github.com/tinode/chat/pbx/model.pb.go:246.52,248.2 1 0
github.com/tinode/chat/pbx/model.pb.go:251.50,253.2 1 0
github.com/tinode/chat/pbx/model.pb.go:277.28,281.2 3 0
github.com/tinode/chat/pbx/model.pb.go:283.31,285.2 1 0
github.com/tinode/chat/pbx/model.pb.go:287.54,289.2 1 0
github.com/tinode/chat/pbx/model.pb.go:291.42,293.2 1 0
github.com/tinode/chat/pbx/model.pb.go:295.48,297.2 1 0
github.com/tinode/chat/pbx/model.pb.go:300.46,302.2 1 0
github.com/tinode/chat/pbx/model.pb.go:338.48,342.2 3 0
github.com/tinode/chat/pbx/model.pb.go:344.41,346.2 1 0
github.com/tinode/chat/pbx/model.pb.go:348.64,350.2 1 0
github.com/tinode/chat/pbx/model.pb.go:352.52,354.2 1 0
github.com/tinode/chat/pbx/model.pb.go:356.58,358.2 1 0
github.com/tinode/chat/pbx/model.pb.go:361.56,363.2 1 0
github.com/tinode/chat/pbx/model.pb.go:418.50,422.2 3 0
github.com/tinode/chat/pbx/model.pb.go:424.42,426.2 1 0
github.com/tinode/chat/pbx/model.pb.go:428.65,430.2 1 0
github.com/tinode/chat/pbx/model.pb.go:432.53,434.2 1 0
github.com/tinode/chat/pbx/model.pb.go:436.59,438.2 1 0
github.com/tinode/chat/pbx/model.pb.go:441.57,443.2 1 0
github.com/tinode/chat/pbx/model.pb.go:452.26,454.29 2 0
github.com/tinode/chat/pbx/model.pb.go:454.29,458.3 3 0
github.com/tinode/chat/pbx/model.pb.go:461.34,463.2 1 0
github.com/tinode/chat/pbx/model.pb.go:465.32,465.33 0 0
github.com/tinode/chat/pbx/model.pb.go:467.54,469.41 2 0
github.com/tinode/chat/pbx/model.pb.go:469.41,471.34 2 0
github.com/tinode/chat/pbx/model.pb.go:471.34,473.4 1 0
github.com/tinode/chat/pbx/model.pb.go:474.3,474.12 1 0
github.com/tinode/chat/pbx/model.pb.go:476.2,476.24 1 0
github.com/tinode/chat/pbx/model.pb.go:480.45,482.2 1 0
github.com/tinode/chat/pbx/model.pb.go:494.34,496.29 2 1
github.com/tinode/chat/pbx/model.pb.go:496.29,500.3 3 1
github.com/tinode/chat/pbx/model.pb.go:503.42,505.2 1 0
github.com/tinode/chat/pbx/model.pb.go:507.40,507.41 0 0
github.com/tinode/chat/pbx/model.pb.go:509.62,511.41 2 0
github.com/tinode/chat/pbx/model.pb.go:511.41,513.34 2 0
github.com/tinode/chat/pbx/model.pb.go:513.34,515.4 1 0
github.com/tinode/chat/pbx/model.pb.go:516.3,516.12 1 0
github.com/tinode/chat/pbx/model.pb.go:518.2,518.24 1 0
github.com/tinode/chat/pbx/model.pb.go:522.53,524.2 1 0
github.com/tinode/chat/pbx/model.pb.go:526.43,527.14 1 0
github.com/tinode/chat/pbx/model.pb.go:527.14,529.3 1 0
github.com/tinode/chat/pbx/model.pb.go:530.2,530.11 1 0
github.com/tinode/chat/pbx/model.pb.go:533.43,534.14 1 0
github.com/tinode/chat/pbx/model.pb.go:534.14,536.3 1 0
github.com/tinode/chat/pbx/model.pb.go:537.2,537.11 1 0
github.com/tinode/chat/pbx/model.pb.go:552.30,554.29 2 0
github.com/tinode/chat/pbx/model.pb.go:554.29,558.3 3 0
github.com/tinode/chat/pbx/model.pb.go:561.38,563.2 1 0
github.com/tinode/chat/pbx/model.pb.go:565.36,565.37 0 0
github.com/tinode/chat/pbx/model.pb.go:567.58,569.41 2 0
github.com/tinode/chat/pbx/model.pb.go:569.41,571.34 2 0
github.com/tinode/chat/pbx/model.pb.go:571.34,573.4 1 0
github.com/tinode/chat/pbx/model.pb.go:574.3,574.12 1 0
github.com/tinode/chat/pbx/model.pb.go:576.2,576.24 1 0
github.com/tinode/chat/pbx/model.pb.go:580.49,582.2 1 0
github.com/tinode/chat/pbx/model.pb.go:584.39,585.14 1 1
github.com/tinode/chat/pbx/model.pb.go:585.14,587.3 1 1
github.com/tinode/chat/pbx/model.pb.go:588.2,588.11 1 0
github.com/tinode/chat/pbx/model.pb.go:591.40,592.14 1 1
github.com/tinode/chat/pbx/model.pb.go:592.14,594.3 1 1
github.com/tinode/chat/pbx/model.pb.go:595.2,595.11 1 0
github.com/tinode/chat/pbx/model.pb.go:610.26,612.29 2 0
github.com/tinode/chat/pbx/model.pb.go:612.29,616.3 3 0
github.com/tinode/chat/pbx/model.pb.go:619.34,621.2 1 0
github.com/tinode/chat/pbx/model.pb.go:623.32,623.33 0 0
github.com/tinode/chat/pbx/model.pb.go:625.54,627.41 2 0
github.com/tinode/chat/pbx/model.pb.go:627.41,629.34 2 0
github.com/tinode/chat/pbx/model.pb.go:629.34,631.4 1 0
github.com/tinode/chat/pbx/model.pb.go:632.3,632.12 1 0
github.com/tinode/chat/pbx/model.pb.go:634.2,634.24 1 0
github.com/tinode/chat/pbx/model.pb.go:638.45,640.2 1 0
github.com/tinode/chat/pbx/model.pb.go:642.37,643.14 1 0
github.com/tinode/chat/pbx/model.pb.go:643.14,645.3 1 0
github.com/tinode/chat/pbx/model.pb.go:646.2,646.11 1 0
github.com/tinode/chat/pbx/model.pb.go:649.35,650.14 1 0
github.com/tinode/chat/pbx/model.pb.go:650.14,652.3 1 0
github.com/tinode/chat/pbx/model.pb.go:653.2,653.11 1 0
github.com/tinode/chat/pbx/model.pb.go:672.30,674.29 2 0
github.com/tinode/chat/pbx/model.pb.go:674.29,678.3 3 0
github.com/tinode/chat/pbx/model.pb.go:681.38,683.2 1 0
github.com/tinode/chat/pbx/model.pb.go:685.36,685.37 0 0
github.com/tinode/chat/pbx/model.pb.go:687.58,689.41 2 0
github.com/tinode/chat/pbx/model.pb.go:689.41,691.34 2 0
github.com/tinode/chat/pbx/model.pb.go:691.34,693.4 1 0
github.com/tinode/chat/pbx/model.pb.go:694.3,694.12 1 0
github.com/tinode/chat/pbx/model.pb.go:696.2,696.24 1 0
github.com/tinode/chat/pbx/model.pb.go:700.49,702.2 1 0
github.com/tinode/chat/pbx/model.pb.go:704.41,705.14 1 1
github.com/tinode/chat/pbx/model.pb.go:705.14,707.3 1 1
github.com/tinode/chat/pbx/model.pb.go:708.2,708.11 1 0
github.com/tinode/chat/pbx/model.pb.go:711.40,712.14 1 1
github.com/tinode/chat/pbx/model.pb.go:712.14,714.3 1 1
github.com/tinode/chat/pbx/model.pb.go:715.2,715.11 1 0
github.com/tinode/chat/pbx/model.pb.go:718.43,719.14 1 1
github.com/tinode/chat/pbx/model.pb.go:719.14,721.3 1 1
github.com/tinode/chat/pbx/model.pb.go:722.2,722.11 1 0
github.com/tinode/chat/pbx/model.pb.go:725.52,726.14 1 1
github.com/tinode/chat/pbx/model.pb.go:726.14,728.3 1 1
github.com/tinode/chat/pbx/model.pb.go:729.2,729.12 1 0
github.com/tinode/chat/pbx/model.pb.go:744.27,746.29 2 0
github.com/tinode/chat/pbx/model.pb.go:746.29,750.3 3 0
github.com/tinode/chat/pbx/model.pb.go:753.35,755.2 1 0
github.com/tinode/chat/pbx/model.pb.go:757.33,757.34 0 0
github.com/tinode/chat/pbx/model.pb.go:759.55,761.41 2 0
github.com/tinode/chat/pbx/model.pb.go:761.41,763.34 2 0
github.com/tinode/chat/pbx/model.pb.go:763.34,765.4 1 0
github.com/tinode/chat/pbx/model.pb.go:766.3,766.12 1 0
github.com/tinode/chat/pbx/model.pb.go:768.2,768.24 1 0
github.com/tinode/chat/pbx/model.pb.go:772.46,774.2 1 0
github.com/tinode/chat/pbx/model.pb.go:776.51,777.14 1 0
github.com/tinode/chat/pbx/model.pb.go:777.14,779.3 1 0
github.com/tinode/chat/pbx/model.pb.go:780.2,780.12 1 0
github.com/tinode/chat/pbx/model.pb.go:783.38,784.14 1 1
github.com/tinode/chat/pbx/model.pb.go:784.14,786.3 1 1
github.com/tinode/chat/pbx/model.pb.go:787.2,787.12 1 0
github.com/tinode/chat/pbx/model.pb.go:790.39,791.14 1 0
github.com/tinode/chat/pbx/model.pb.go:791.14,793.3 1 0
github.com/tinode/chat/pbx/model.pb.go:794.2,794.12 1 0
github.com/tinode/chat/pbx/model.pb.go:797.39,798.14 1 0
github.com/tinode/chat/pbx/model.pb.go:798.14,800.3 1 0
github.com/tinode/chat/pbx/model.pb.go:801.2,801.12 1 0
github.com/tinode/chat/pbx/model.pb.go:823.27,825.29 2 0
github.com/tinode/chat/pbx/model.pb.go:825.29,829.3 3 0
github.com/tinode/chat/pbx/model.pb.go:832.35,834.2 1 0
github.com/tinode/chat/pbx/model.pb.go:836.33,836.34 0 0
github.com/tinode/chat/pbx/model.pb.go:838.55,840.41 2 0
github.com/tinode/chat/pbx/model.pb.go:840.41,842.34 2 0
github.com/tinode/chat/pbx/model.pb.go:842.34,844.4 1 0
github.com/tinode/chat/pbx/model.pb.go:845.3,845.12 1 0
github.com/tinode/chat/pbx/model.pb.go:847.2,847.24 1 0
github.com/tinode/chat/pbx/model.pb.go:851.46,853.2 1 0
github.com/tinode/chat/pbx/model.pb.go:855.46,856.14 1 0
github.com/tinode/chat/pbx/model.pb.go:856.14,858.3 1 0
github.com/tinode/chat/pbx/model.pb.go:859.2,859.10 1 0
github.com/tinode/chat/pbx/model.pb.go:862.36,863.14 1 0
github.com/tinode/chat/pbx/model.pb.go:863.14,865.3 1 0
github.com/tinode/chat/pbx/model.pb.go:866.2,866.11 1 0
github.com/tinode/chat/pbx/model.pb.go:869.37,870.14 1 0
github.com/tinode/chat/pbx/model.pb.go:870.14,872.3 1 0
github.com/tinode/chat/pbx/model.pb.go:873.2,873.11 1 0
github.com/tinode/chat/pbx/model.pb.go:876.38,877.14 1 0
github.com/tinode/chat/pbx/model.pb.go:877.14,879.3 1 0
github.com/tinode/chat/pbx/model.pb.go:880.2,880.10 1 0
github.com/tinode/chat/pbx/model.pb.go:883.39,884.14 1 0
github.com/tinode/chat/pbx/model.pb.go:884.14,886.3 1 0
github.com/tinode/chat/pbx/model.pb.go:887.2,887.10 1 0
github.com/tinode/chat/pbx/model.pb.go:890.36,891.14 1 0
github.com/tinode/chat/pbx/model.pb.go:891.14,893.3 1 0
github.com/tinode/chat/pbx/model.pb.go:894.2,894.10 1 0
github.com/tinode/chat/pbx/model.pb.go:911.28,913.29 2 0
github.com/tinode/chat/pbx/model.pb.go:913.29,917.3 3 0
github.com/tinode/chat/pbx/model.pb.go:920.36,922.2 1 0
github.com/tinode/chat/pbx/model.pb.go:924.34,924.35 0 0
github.com/tinode/chat/pbx/model.pb.go:926.56,928.41 2 0
github.com/tinode/chat/pbx/model.pb.go:928.41,930.34 2 0
github.com/tinode/chat/pbx/model.pb.go:930.34,932.4 1 0
github.com/tinode/chat/pbx/model.pb.go:933.3,933.12 1 0
github.com/tinode/chat/pbx/model.pb.go:935.2,935.24 1 0
github.com/tinode/chat/pbx/model.pb.go:939.47,941.2 1 0
github.com/tinode/chat/pbx/model.pb.go:943.37,944.14 1 0
github.com/tinode/chat/pbx/model.pb.go:944.14,946.3 1 0
github.com/tinode/chat/pbx/model.pb.go:947.2,947.11 1 0
github.com/tinode/chat/pbx/model.pb.go:950.39,951.14 1 0
github.com/tinode/chat/pbx/model.pb.go:951.14,953.3 1 0
github.com/tinode/chat/pbx/model.pb.go:954.2,954.12 1 0
github.com/tinode/chat/pbx/model.pb.go:957.38,958.14 1 0
github.com/tinode/chat/pbx/model.pb.go:958.14,960.3 1 0
github.com/tinode/chat/pbx/model.pb.go:961.2,961.12 1 0
github.com/tinode/chat/pbx/model.pb.go:964.39,965.14 1 0
github.com/tinode/chat/pbx/model.pb.go:965.14,967.3 1 0
github.com/tinode/chat/pbx/model.pb.go:968.2,968.12 1 0
github.com/tinode/chat/pbx/model.pb.go:986.28,988.29 2 0
github.com/tinode/chat/pbx/model.pb.go:988.29,992.3 3 0
github.com/tinode/chat/pbx/model.pb.go:995.36,997.2 1 0
github.com/tinode/chat/pbx/model.pb.go:999.34,999.35 0 0
github.com/tinode/chat/pbx/model.pb.go:1001.56,1003.41 2 0
github.com/tinode/chat/pbx/model.pb.go:1003.41,1005.34 2 0
github.com/tinode/chat/pbx/model.pb.go:1005.34,1007.4 1 0
github.com/tinode/chat/pbx/model.pb.go:1008.3,1008.12 1 0
github.com/tinode/chat/pbx/model.pb.go:1010.2,1010.24 1 0
github.com/tinode/chat/pbx/model.pb.go:1014.47,1016.2 1 0
github.com/tinode/chat/pbx/model.pb.go:1018.39,1019.14 1 0
github.com/tinode/chat/pbx/model.pb.go:1019.14,1021.3 1 0
github.com/tinode/chat/pbx/model.pb.go:1022.2,1022.12 1 0
github.com/tinode/chat/pbx/model.pb.go:1025.37,1026.14 1 0
github.com/tinode/chat/pbx/model.pb.go:1026.14,1028.3 1 0
github.com/tinode/chat/pbx/model.pb.go:1029.2,1029.12 1 0
github.com/tinode/chat/pbx/model.pb.go:1032.39,1033.14 1 0
github.com/tinode/chat/pbx/model.pb.go:1033.14,1035.3 1 0
github.com/tinode/chat/pbx/model.pb.go:1036.2,1036.12 1 0
github.com/tinode/chat/pbx/model.pb.go:1039.42,1040.14 1 0
github.com/tinode/chat/pbx/model.pb.go:1040.14,1042.3 1 0
github.com/tinode/chat/pbx/model.pb.go:1043.2,1043.12 1 0
github.com/tinode/chat/pbx/model.pb.go:1055.28,1057.29 2 0
github.com/tinode/chat/pbx/model.pb.go:1057.29,1061.3 3 0
github.com/tinode/chat/pbx/model.pb.go:1064.36,1066.2 1 0
github.com/tinode/chat/pbx/model.pb.go:1068.34,1068.35 0 0
github.com/tinode/chat/pbx/model.pb.go:1070.56,1072.41 2 0
github.com/tinode/chat/pbx/model.pb.go:1072.41,1074.34 2 0
github.com/tinode/chat/pbx/model.pb.go:1074.34,1076.4 1 0
github.com/tinode/chat/pbx/model.pb.go:1077.3,1077.12 1 0
github.com/tinode/chat/pbx/model.pb.go:1079.2,1079.24 1 0
github.com/tinode/chat/pbx/model.pb.go:1083.47,1085.2 1 0
github.com/tinode/chat/pbx/model.pb.go:1087.35,1088.14 1 0
github.com/tinode/chat/pbx/model.pb.go:1088.14,1090.3 1 0
github.com/tinode/chat/pbx/model.pb.go:1091.2,1091.10 1 0
github.com/tinode/chat/pbx/model.pb.go:1094.34,1095.14 1 0
github.com/tinode/chat/pbx/model.pb.go:1095.14,1097.3 1 0
github.com/tinode/chat/pbx/model.pb.go:1098.2,1098.10 1 0
github.com/tinode/chat/pbx/model.pb.go:1116.28,1118.29 2 0
github.com/tinode/chat/pbx/model.pb.go:1118.29,1122.3 3 0
github.com/tinode/chat/pbx/model.pb.go:1125.36,1127.2 1 0
github.com/tinode/chat/pbx/model.pb.go:1129.34,1129.35 0 0
github.com/tinode/chat/pbx/model.pb.go:1131.56,1133.41 2 0
github.com/tinode/chat/pbx/model.pb.go:1133.41,1135.34 2 0
github.com/tinode/chat/pbx/model.pb.go:1135.34,1137.4 1 0
github.com/tinode/chat/pbx/model.pb.go:1138.3,1138.12 1 0
github.com/tinode/chat/pbx/model.pb.go:1140.2,1140.24 1 0
github.com/tinode/chat/pbx/model.pb.go:1144.47,1146.2 1 0
github.com/tinode/chat/pbx/model.pb.go:1148.35,1149.14 1 0
github.com/tinode/chat/pbx/model.pb.go:1149.14,1151.3 1 0
github.com/tinode/chat/pbx/model.pb.go:1152.2,1152.11 1 0
github.com/tinode/chat/pbx/model.pb.go:1155.42,1156.14 1 1
github.com/tinode/chat/pbx/model.pb.go:1156.14,1158.3 1 1
github.com/tinode/chat/pbx/model.pb.go:1159.2,1159.11 1 0
github.com/tinode/chat/pbx/model.pb.go:1162.36,1163.14 1 0
github.com/tinode/chat/pbx/model.pb.go:1163.14,1165.3 1 0
github.com/tinode/chat/pbx/model.pb.go:1166.2,1166.11 1 0
github.com/tinode/chat/pbx/model.pb.go:1169.41,1170.14 1 0
github.com/tinode/chat/pbx/model.pb.go:1170.14,1172.3 1 0
github.com/tinode/chat/pbx/model.pb.go:1173.2,1173.11 1 0
github.com/tinode/chat/pbx/model.pb.go:1176.37,1177.14 1 0
github.com/tinode/chat/pbx/model.pb.go:1177.14,1179.3 1 0
github.com/tinode/chat/pbx/model.pb.go:1180.2,1180.11 1 0
github.com/tinode/chat/pbx/model.pb.go:1183.41,1184.14 1 0
github.com/tinode/chat/pbx/model.pb.go:1184.14,1186.3 1 0
github.com/tinode/chat/pbx/model.pb.go:1187.2,1187.11 1 0
github.com/tinode/chat/pbx/model.pb.go:1190.41,1191.14 1 0
github.com/tinode/chat/pbx/model.pb.go:1191.14,1193.3 1 0
github.com/tinode/chat/pbx/model.pb.go:1194.2,1194.14 1 0
github.com/tinode/chat/pbx/model.pb.go:1229.29,1231.29 2 0
github.com/tinode/chat/pbx/model.pb.go:1231.29,1235.3 3 0
github.com/tinode/chat/pbx/model.pb.go:1238.37,1240.2 1 0
github.com/tinode/chat/pbx/model.pb.go:1242.35,1242.36 0 0
github.com/tinode/chat/pbx/model.pb.go:1244.57,1246.41 2 0
github.com/tinode/chat/pbx/model.pb.go:1246.41,1248.34 2 0
github.com/tinode/chat/pbx/model.pb.go:1248.34,1250.4 1 0
github.com/tinode/chat/pbx/model.pb.go:1251.3,1251.12 1 0
github.com/tinode/chat/pbx/model.pb.go:1253.2,1253.24 1 0
github.com/tinode/chat/pbx/model.pb.go:1257.48,1259.2 1 0
github.com/tinode/chat/pbx/model.pb.go:1261.36,1262.14 1 0
github.com/tinode/chat/pbx/model.pb.go:1262.14,1264.3 1 0
github.com/tinode/chat/pbx/model.pb.go:1265.2,1265.11 1 0
github.com/tinode/chat/pbx/model.pb.go:1268.40,1269.14 1 0
github.com/tinode/chat/pbx/model.pb.go:1269.14,1271.3 1 0
github.com/tinode/chat/pbx/model.pb.go:1272.2,1272.11 1 0
github.com/tinode/chat/pbx/model.pb.go:1275.40,1276.14 1 0
github.com/tinode/chat/pbx/model.pb.go:1276.14,1278.3 1 0
github.com/tinode/chat/pbx/model.pb.go:1279.2,1279.11 1 0
github.com/tinode/chat/pbx/model.pb.go:1282.40,1283.14 1 0
github.com/tinode/chat/pbx/model.pb.go:1283.14,1285.3 1 0
github.com/tinode/chat/pbx/model.pb.go:1286.2,1286.12 1 0
github.com/tinode/chat/pbx/model.pb.go:1289.37,1290.14 1 0
github.com/tinode/chat/pbx/model.pb.go:1290.14,1292.3 1 0
github.com/tinode/chat/pbx/model.pb.go:1293.2,1293.14 1 0
github.com/tinode/chat/pbx/model.pb.go:1296.40,1297.14 1 0
github.com/tinode/chat/pbx/model.pb.go:1297.14,1299.3 1 0
github.com/tinode/chat/pbx/model.pb.go:1300.2,1300.12 1 0
github.com/tinode/chat/pbx/model.pb.go:1303.40,1304.14 1 0
github.com/tinode/chat/pbx/model.pb.go:1304.14,1306.3 1 0
github.com/tinode/chat/pbx/model.pb.go:1307.2,1307.12 1 0
github.com/tinode/chat/pbx/model.pb.go:1310.45,1311.14 1 1
github.com/tinode/chat/pbx/model.pb.go:1311.14,1313.3 1 1
github.com/tinode/chat/pbx/model.pb.go:1314.2,1314.12 1 0
github.com/tinode/chat/pbx/model.pb.go:1317.39,1318.14 1 0
github.com/tinode/chat/pbx/model.pb.go:1318.14,1320.3 1 0
github.com/tinode/chat/pbx/model.pb.go:1321.2,1321.12 1 0
github.com/tinode/chat/pbx/model.pb.go:1324.39,1325.14 1 0
github.com/tinode/chat/pbx/model.pb.go:1325.14,1327.3 1 0
github.com/tinode/chat/pbx/model.pb.go:1328.2,1328.11 1 0
github.com/tinode/chat/pbx/model.pb.go:1331.46,1332.14 1 0
github.com/tinode/chat/pbx/model.pb.go:1332.14,1334.3 1 0
github.com/tinode/chat/pbx/model.pb.go:1335.2,1335.23 1 0
github.com/tinode/chat/pbx/model.pb.go:1338.43,1339.14 1 0
github.com/tinode/chat/pbx/model.pb.go:1339.14,1341.3 1 0
github.com/tinode/chat/pbx/model.pb.go:1342.2,1342.11 1 0
github.com/tinode/chat/pbx/model.pb.go:1345.43,1346.14 1 0
github.com/tinode/chat/pbx/model.pb.go:1346.14,1348.3 1 0
github.com/tinode/chat/pbx/model.pb.go:1349.2,1349.12 1 0
github.com/tinode/chat/pbx/model.pb.go:1367.31,1369.29 2 0
github.com/tinode/chat/pbx/model.pb.go:1369.29,1373.3 3 0
github.com/tinode/chat/pbx/model.pb.go:1376.39,1378.2 1 0
github.com/tinode/chat/pbx/model.pb.go:1380.37,1380.38 0 0
github.com/tinode/chat/pbx/model.pb.go:1382.59,1384.41 2 0
github.com/tinode/chat/pbx/model.pb.go:1384.41,1386.34 2 0
github.com/tinode/chat/pbx/model.pb.go:1386.34,1388.4 1 0
github.com/tinode/chat/pbx/model.pb.go:1389.3,1389.12 1 0
github.com/tinode/chat/pbx/model.pb.go:1391.2,1391.24 1 0
github.com/tinode/chat/pbx/model.pb.go:1395.50,1397.2 1 0
github.com/tinode/chat/pbx/model.pb.go:1399.38,1400.14 1 1
github.com/tinode/chat/pbx/model.pb.go:1400.14,1402.3 1 1
github.com/tinode/chat/pbx/model.pb.go:1403.2,1403.11 1 0
github.com/tinode/chat/pbx/model.pb.go:1406.42,1407.14 1 1
github.com/tinode/chat/pbx/model.pb.go:1407.14,1409.3 1 1
github.com/tinode/chat/pbx/model.pb.go:1410.2,1410.11 1 0
github.com/tinode/chat/pbx/model.pb.go:1413.42,1414.14 1 1
github.com/tinode/chat/pbx/model.pb.go:1414.14,1416.3 1 1
github.com/tinode/chat/pbx/model.pb.go:1417.2,1417.12 1 0
github.com/tinode/chat/pbx/model.pb.go:1420.47,1421.14 1 1
github.com/tinode/chat/pbx/model.pb.go:1421.14,1423.3 1 1
github.com/tinode/chat/pbx/model.pb.go:1424.2,1424.12 1 0
github.com/tinode/chat/pbx/model.pb.go:1441.29,1443.29 2 0
github.com/tinode/chat/pbx/model.pb.go:1443.29,1447.3 3 0
github.com/tinode/chat/pbx/model.pb.go:1450.37,1452.2 1 0
github.com/tinode/chat/pbx/model.pb.go:1454.35,1454.36 0 0
github.com/tinode/chat/pbx/model.pb.go:1456.57,1458.41 2 0
github.com/tinode/chat/pbx/model.pb.go:1458.41,1460.34 2 0
github.com/tinode/chat/pbx/model.pb.go:1460.34,1462.4 1 0
github.com/tinode/chat/pbx/model.pb.go:1463.3,1463.12 1 0
github.com/tinode/chat/pbx/model.pb.go:1465.2,1465.24 1 0
github.com/tinode/chat/pbx/model.pb.go:1469.48,1471.2 1 0
github.com/tinode/chat/pbx/model.pb.go:1473.36,1474.14 1 0
github.com/tinode/chat/pbx/model.pb.go:1474.14,1476.3 1 0
github.com/tinode/chat/pbx/model.pb.go:1477.2,1477.11 1 0
github.com/tinode/chat/pbx/model.pb.go:1480.39,1481.14 1 0
github.com/tinode/chat/pbx/model.pb.go:1481.14,1483.3 1 0
github.com/tinode/chat/pbx/model.pb.go:1484.2,1484.11 1 0
github.com/tinode/chat/pbx/model.pb.go:1487.45,1488.14 1 0
github.com/tinode/chat/pbx/model.pb.go:1488.14,1490.3 1 0
github.com/tinode/chat/pbx/model.pb.go:1491.2,1491.12 1 0
github.com/tinode/chat/pbx/model.pb.go:1494.45,1495.14 1 0
github.com/tinode/chat/pbx/model.pb.go:1495.14,1497.3 1 0
github.com/tinode/chat/pbx/model.pb.go:1498.2,1498.12 1 0
github.com/tinode/chat/pbx/model.pb.go:1512.31,1514.29 2 0
github.com/tinode/chat/pbx/model.pb.go:1514.29,1518.3 3 0
github.com/tinode/chat/pbx/model.pb.go:1521.39,1523.2 1 0
github.com/tinode/chat/pbx/model.pb.go:1525.37,1525.38 0 0
github.com/tinode/chat/pbx/model.pb.go:1527.59,1529.41 2 0
github.com/tinode/chat/pbx/model.pb.go:1529.41,1531.34 2 0
github.com/tinode/chat/pbx/model.pb.go:1531.34,1533.4 1 0
github.com/tinode/chat/pbx/model.pb.go:1534.3,1534.12 1 0
github.com/tinode/chat/pbx/model.pb.go:1536.2,1536.24 1 0
github.com/tinode/chat/pbx/model.pb.go:1540.50,1542.2 1 0
github.com/tinode/chat/pbx/model.pb.go:1544.38,1545.14 1 0
github.com/tinode/chat/pbx/model.pb.go:1545.14,1547.3 1 0
github.com/tinode/chat/pbx/model.pb.go:1548.2,1548.11 1 0
github.com/tinode/chat/pbx/model.pb.go:1551.41,1552.14 1 0
github.com/tinode/chat/pbx/model.pb.go:1552.14,1554.3 1 0
github.com/tinode/chat/pbx/model.pb.go:1555.2,1555.11 1 0
github.com/tinode/chat/pbx/model.pb.go:1558.39,1559.14 1 0
github.com/tinode/chat/pbx/model.pb.go:1559.14,1561.3 1 0
github.com/tinode/chat/pbx/model.pb.go:1562.2,1562.14 1 0
github.com/tinode/chat/pbx/model.pb.go:1578.29,1580.29 2 0
github.com/tinode/chat/pbx/model.pb.go:1580.29,1584.3 3 0
github.com/tinode/chat/pbx/model.pb.go:1587.37,1589.2 1 0
github.com/tinode/chat/pbx/model.pb.go:1591.35,1591.36 0 0
github.com/tinode/chat/pbx/model.pb.go:1593.57,1595.41 2 0
github.com/tinode/chat/pbx/model.pb.go:1595.41,1597.34 2 0
github.com/tinode/chat/pbx/model.pb.go:1597.34,1599.4 1 0
github.com/tinode/chat/pbx/model.pb.go:1600.3,1600.12 1 0
github.com/tinode/chat/pbx/model.pb.go:1602.2,1602.24 1 0
github.com/tinode/chat/pbx/model.pb.go:1606.48,1608.2 1 0
github.com/tinode/chat/pbx/model.pb.go:1610.36,1611.14 1 0
github.com/tinode/chat/pbx/model.pb.go:1611.14,1613.3 1 0
github.com/tinode/chat/pbx/model.pb.go:1614.2,1614.11 1 0
github.com/tinode/chat/pbx/model.pb.go:1617.39,1618.14 1 0
github.com/tinode/chat/pbx/model.pb.go:1618.14,1620.3 1 0
github.com/tinode/chat/pbx/model.pb.go:1621.2,1621.11 1 0
github.com/tinode/chat/pbx/model.pb.go:1624.38,1625.14 1 0
github.com/tinode/chat/pbx/model.pb.go:1625.14,1627.3 1 0
github.com/tinode/chat/pbx/model.pb.go:1628.2,1628.14 1 0
github.com/tinode/chat/pbx/model.pb.go:1631.49,1632.14 1 0
github.com/tinode/chat/pbx/model.pb.go:1632.14,1634.3 1 0
github.com/tinode/chat/pbx/model.pb.go:1635.2,1635.12 1 0
github.com/tinode/chat/pbx/model.pb.go:1638.41,1639.14 1 0
github.com/tinode/chat/pbx/model.pb.go:1639.14,1641.3 1 0
github.com/tinode/chat/pbx/model.pb.go:1642.2,1642.12 1 0
github.com/tinode/chat/pbx/model.pb.go:1656.29,1658.29 2 0
github.com/tinode/chat/pbx/model.pb.go:1658.29,1662.3 3 0
github.com/tinode/chat/pbx/model.pb.go:1665.37,1667.2 1 0
github.com/tinode/chat/pbx/model.pb.go:1669.35,1669.36 0 0
github.com/tinode/chat/pbx/model.pb.go:1671.57,1673.41 2 0
github.com/tinode/chat/pbx/model.pb.go:1673.41,1675.34 2 0
github.com/tinode/chat/pbx/model.pb.go:1675.34,1677.4 1 0
github.com/tinode/chat/pbx/model.pb.go:1678.3,1678.12 1 0
github.com/tinode/chat/pbx/model.pb.go:1680.2,1680.24 1 0
github.com/tinode/chat/pbx/model.pb.go:1684.48,1686.2 1 0
github.com/tinode/chat/pbx/model.pb.go:1688.36,1689.14 1 1
github.com/tinode/chat/pbx/model.pb.go:1689.14,1691.3 1 1
github.com/tinode/chat/pbx/model.pb.go:1692.2,1692.11 1 0
github.com/tinode/chat/pbx/model.pb.go:1695.39,1696.14 1 1
github.com/tinode/chat/pbx/model.pb.go:1696.14,1698.3 1 1
github.com/tinode/chat/pbx/model.pb.go:1699.2,1699.11 1 0
github.com/tinode/chat/pbx/model.pb.go:1702.42,1703.14 1 1
github.com/tinode/chat/pbx/model.pb.go:1703.14,1705.3 1 1
github.com/tinode/chat/pbx/model.pb.go:1706.2,1706.12 1 0
github.com/tinode/chat/pbx/model.pb.go:1720.29,1722.29 2 0
github.com/tinode/chat/pbx/model.pb.go:1722.29,1726.3 3 0
github.com/tinode/chat/pbx/model.pb.go:1729.37,1731.2 1 0
github.com/tinode/chat/pbx/model.pb.go:1733.35,1733.36 0 0
github.com/tinode/chat/pbx/model.pb.go:1735.57,1737.41 2 0
github.com/tinode/chat/pbx/model.pb.go:1737.41,1739.34 2 0
github.com/tinode/chat/pbx/model.pb.go:1739.34,1741.4 1 0
github.com/tinode/chat/pbx/model.pb.go:1742.3,1742.12 1 0
github.com/tinode/chat/pbx/model.pb.go:1744.2,1744.24 1 0
github.com/tinode/chat/pbx/model.pb.go:1748.48,1750.2 1 0
github.com/tinode/chat/pbx/model.pb.go:1752.36,1753.14 1 0
github.com/tinode/chat/pbx/model.pb.go:1753.14,1755.3 1 0
github.com/tinode/chat/pbx/model.pb.go:1756.2,1756.11 1 0
github.com/tinode/chat/pbx/model.pb.go:1759.39,1760.14 1 0
github.com/tinode/chat/pbx/model.pb.go:1760.14,1762.3 1 0
github.com/tinode/chat/pbx/model.pb.go:1763.2,1763.11 1 0
github.com/tinode/chat/pbx/model.pb.go:1766.42,1767.14 1 0
github.com/tinode/chat/pbx/model.pb.go:1767.14,1769.3 1 0
github.com/tinode/chat/pbx/model.pb.go:1770.2,1770.12 1 0
github.com/tinode/chat/pbx/model.pb.go:1792.29,1794.29 2 0
github.com/tinode/chat/pbx/model.pb.go:1794.29,1798.3 3 0
github.com/tinode/chat/pbx/model.pb.go:1801.37,1803.2 1 0
github.com/tinode/chat/pbx/model.pb.go:1805.35,1805.36 0 0
github.com/tinode/chat/pbx/model.pb.go:1807.57,1809.41 2 0
github.com/tinode/chat/pbx/model.pb.go:1809.41,1811.34 2 0
github.com/tinode/chat/pbx/model.pb.go:1811.34,1813.4 1 0
github.com/tinode/chat/pbx/model.pb.go:1814.3,1814.12 1 0
github.com/tinode/chat/pbx/model.pb.go:1816.2,1816.24 1 0
github.com/tinode/chat/pbx/model.pb.go:1820.48,1822.2 1 0
github.com/tinode/chat/pbx/model.pb.go:1824.36,1825.14 1 0
github.com/tinode/chat/pbx/model.pb.go:1825.14,1827.3 1 0
github.com/tinode/chat/pbx/model.pb.go:1828.2,1828.11 1 0
github.com/tinode/chat/pbx/model.pb.go:1831.39,1832.14 1 0
github.com/tinode/chat/pbx/model.pb.go:1832.14,1834.3 1 0
github.com/tinode/chat/pbx/model.pb.go:1835.2,1835.11 1 0
github.com/tinode/chat/pbx/model.pb.go:1838.46,1839.14 1 0
github.com/tinode/chat/pbx/model.pb.go:1839.14,1841.3 1 0
github.com/tinode/chat/pbx/model.pb.go:1842.2,1842.21 1 0
github.com/tinode/chat/pbx/model.pb.go:1845.45,1846.14 1 0
github.com/tinode/chat/pbx/model.pb.go:1846.14,1848.3 1 0
github.com/tinode/chat/pbx/model.pb.go:1849.2,1849.12 1 0
github.com/tinode/chat/pbx/model.pb.go:1852.40,1853.14 1 0
github.com/tinode/chat/pbx/model.pb.go:1853.14,1855.3 1 0
github.com/tinode/chat/pbx/model.pb.go:1856.2,1856.11 1 0
github.com/tinode/chat/pbx/model.pb.go:1859.43,1860.14 1 0
github.com/tinode/chat/pbx/model.pb.go:1860.14,1862.3 1 0
github.com/tinode/chat/pbx/model.pb.go:1863.2,1863.12 1 0
github.com/tinode/chat/pbx/model.pb.go:1866.36,1867.14 1 0
github.com/tinode/chat/pbx/model.pb.go:1867.14,1869.3 1 0
github.com/tinode/chat/pbx/model.pb.go:1870.2,1870.14 1 0
github.com/tinode/chat/pbx/model.pb.go:1893.30,1895.29 2 0
github.com/tinode/chat/pbx/model.pb.go:1895.29,1899.3 3 0
github.com/tinode/chat/pbx/model.pb.go:1902.38,1904.2 1 0
github.com/tinode/chat/pbx/model.pb.go:1906.36,1906.37 0 0
github.com/tinode/chat/pbx/model.pb.go:1908.58,1910.41 2 0
github.com/tinode/chat/pbx/model.pb.go:1910.41,1912.34 2 0
github.com/tinode/chat/pbx/model.pb.go:1912.34,1914.4 1 0
github.com/tinode/chat/pbx/model.pb.go:1915.3,1915.12 1 0
github.com/tinode/chat/pbx/model.pb.go:1917.2,1917.24 1 0
github.com/tinode/chat/pbx/model.pb.go:1921.49,1923.2 1 0
github.com/tinode/chat/pbx/model.pb.go:1925.40,1926.14 1 1
github.com/tinode/chat/pbx/model.pb.go:1926.14,1928.3 1 1
github.com/tinode/chat/pbx/model.pb.go:1929.2,1929.11 1 0
github.com/tinode/chat/pbx/model.pb.go:1932.41,1933.14 1 1
github.com/tinode/chat/pbx/model.pb.go:1933.14,1935.3 1 1
github.com/tinode/chat/pbx/model.pb.go:1936.2,1936.20 1 0
github.com/tinode/chat/pbx/model.pb.go:1939.39,1940.14 1 0
github.com/tinode/chat/pbx/model.pb.go:1940.14,1942.3 1 0
github.com/tinode/chat/pbx/model.pb.go:1943.2,1943.10 1 0
github.com/tinode/chat/pbx/model.pb.go:1946.40,1947.14 1 0
github.com/tinode/chat/pbx/model.pb.go:1947.14,1949.3 1 0
github.com/tinode/chat/pbx/model.pb.go:1950.2,1950.10 1 0
github.com/tinode/chat/pbx/model.pb.go:1953.43,1954.14 1 0
github.com/tinode/chat/pbx/model.pb.go:1954.14,1956.3 1 0
github.com/tinode/chat/pbx/model.pb.go:1957.2,1957.21 1 0
github.com/tinode/chat/pbx/model.pb.go:1960.42,1961.14 1 0
github.com/tinode/chat/pbx/model.pb.go:1961.14,1963.3 1 0
github.com/tinode/chat/pbx/model.pb.go:1964.2,1964.12 1 0
github.com/tinode/chat/pbx/model.pb.go:1978.31,1980.29 2 0
github.com/tinode/chat/pbx/model.pb.go:1980.29,1984.3 3 0
github.com/tinode/chat/pbx/model.pb.go:1987.39,1989.2 1 0
github.com/tinode/chat/pbx/model.pb.go:1991.37,1991.38 0 0
github.com/tinode/chat/pbx/model.pb.go:1993.59,1995.41 2 0
github.com/tinode/chat/pbx/model.pb.go:1995.41,1997.34 2 0
github.com/tinode/chat/pbx/model.pb.go:1997.34,1999.4 1 0
github.com/tinode/chat/pbx/model.pb.go:2000.3,2000.12 1 0
github.com/tinode/chat/pbx/model.pb.go:2002.2,2002.24 1 0
github.com/tinode/chat/pbx/model.pb.go:2006.50,2008.2 1 0
github.com/tinode/chat/pbx/model.pb.go:2010.49,2011.14 1 0
github.com/tinode/chat/pbx/model.pb.go:2011.14,2013.3 1 0
github.com/tinode/chat/pbx/model.pb.go:2014.2,2014.12 1 0
github.com/tinode/chat/pbx/model.pb.go:2017.46,2018.14 1 0
github.com/tinode/chat/pbx/model.pb.go:2018.14,2020.3 1 0
github.com/tinode/chat/pbx/model.pb.go:2021.2,2021.11 1 0
github.com/tinode/chat/pbx/model.pb.go:2024.48,2025.14 1 1
github.com/tinode/chat/pbx/model.pb.go:2025.14,2027.3 1 1
github.com/tinode/chat/pbx/model.pb.go:2028.2,2028.23 1 0
github.com/tinode/chat/pbx/model.pb.go:2052.29,2054.29 2 0
github.com/tinode/chat/pbx/model.pb.go:2054.29,2058.3 3 0
github.com/tinode/chat/pbx/model.pb.go:2061.37,2063.2 1 0
github.com/tinode/chat/pbx/model.pb.go:2065.35,2065.36 0 0
github.com/tinode/chat/pbx/model.pb.go:2067.57,2069.41 2 0
github.com/tinode/chat/pbx/model.pb.go:2069.41,2071.34 2 0
github.com/tinode/chat/pbx/model.pb.go:2071.34,2073.4 1 0
github.com/tinode/chat/pbx/model.pb.go:2074.3,2074.12 1 0
github.com/tinode/chat/pbx/model.pb.go:2076.2,2076.24 1 0
github.com/tinode/chat/pbx/model.pb.go:2080.48,2082.2 1 0
github.com/tinode/chat/pbx/model.pb.go:2084.54,2085.14 1 0
github.com/tinode/chat/pbx/model.pb.go:2085.14,2087.3 1 0
github.com/tinode/chat/pbx/model.pb.go:2088.2,2088.12 1 0
github.com/tinode/chat/pbx/model.pb.go:2091.39,2092.49 1 0
github.com/tinode/chat/pbx/model.pb.go:2092.49,2094.3 1 0
github.com/tinode/chat/pbx/model.pb.go:2095.2,2095.12 1 0
github.com/tinode/chat/pbx/model.pb.go:2098.41,2099.50 1 0
github.com/tinode/chat/pbx/model.pb.go:2099.50,2101.3 1 0
github.com/tinode/chat/pbx/model.pb.go:2102.2,2102.12 1 0
github.com/tinode/chat/pbx/model.pb.go:2105.45,2106.52 1 0
github.com/tinode/chat/pbx/model.pb.go:2106.52,2108.3 1 0
github.com/tinode/chat/pbx/model.pb.go:2109.2,2109.12 1 0
github.com/tinode/chat/pbx/model.pb.go:2112.41,2113.50 1 0
github.com/tinode/chat/pbx/model.pb.go:2113.50,2115.3 1 0
github.com/tinode/chat/pbx/model.pb.go:2116.2,2116.12 1 0
github.com/tinode/chat/pbx/model.pb.go:2119.45,2120.52 1 0
github.com/tinode/chat/pbx/model.pb.go:2120.52,2122.3 1 0
github.com/tinode/chat/pbx/model.pb.go:2123.2,2123.12 1 0
github.com/tinode/chat/pbx/model.pb.go:2126.41,2127.50 1 0
github.com/tinode/chat/pbx/model.pb.go:2127.50,2129.3 1 0
github.com/tinode/chat/pbx/model.pb.go:2130.2,2130.12 1 0
github.com/tinode/chat/pbx/model.pb.go:2133.41,2134.50 1 0
github.com/tinode/chat/pbx/model.pb.go:2134.50,2136.3 1 0
github.com/tinode/chat/pbx/model.pb.go:2137.2,2137.12 1 0
github.com/tinode/chat/pbx/model.pb.go:2140.41,2141.50 1 0
github.com/tinode/chat/pbx/model.pb.go:2141.50,2143.3 1 0
github.com/tinode/chat/pbx/model.pb.go:2144.2,2144.12 1 0
github.com/tinode/chat/pbx/model.pb.go:2147.41,2148.50 1 0
github.com/tinode/chat/pbx/model.pb.go:2148.50,2150.3 1 0
github.com/tinode/chat/pbx/model.pb.go:2151.2,2151.12 1 0
github.com/tinode/chat/pbx/model.pb.go:2154.43,2155.51 1 0
github.com/tinode/chat/pbx/model.pb.go:2155.51,2157.3 1 0
github.com/tinode/chat/pbx/model.pb.go:2158.2,2158.12 1 0
github.com/tinode/chat/pbx/model.pb.go:2161.45,2162.14 1 0
github.com/tinode/chat/pbx/model.pb.go:2162.14,2164.3 1 0
github.com/tinode/chat/pbx/model.pb.go:2165.2,2165.12 1 0
github.com/tinode/chat/pbx/model.pb.go:2212.45,2212.46 0 0
github.com/tinode/chat/pbx/model.pb.go:2214.46,2214.47 0 0
github.com/tinode/chat/pbx/model.pb.go:2216.48,2216.49 0 0
github.com/tinode/chat/pbx/model.pb.go:2218.46,2218.47 0 0
github.com/tinode/chat/pbx/model.pb.go:2220.48,2220.49 0 0
github.com/tinode/chat/pbx/model.pb.go:2222.46,2222.47 0 0
github.com/tinode/chat/pbx/model.pb.go:2224.46,2224.47 0 0
github.com/tinode/chat/pbx/model.pb.go:2226.46,2226.47 0 0
github.com/tinode/chat/pbx/model.pb.go:2228.46,2228.47 0 0
github.com/tinode/chat/pbx/model.pb.go:2230.47,2230.48 0 0
github.com/tinode/chat/pbx/model.pb.go:2246.30,2248.29 2 0
github.com/tinode/chat/pbx/model.pb.go:2248.29,2252.3 3 0
github.com/tinode/chat/pbx/model.pb.go:2255.38,2257.2 1 0
github.com/tinode/chat/pbx/model.pb.go:2259.36,2259.37 0 0
github.com/tinode/chat/pbx/model.pb.go:2261.58,2263.41 2 0
github.com/tinode/chat/pbx/model.pb.go:2263.41,2265.34 2 0
github.com/tinode/chat/pbx/model.pb.go:2265.34,2267.4 1 0
github.com/tinode/chat/pbx/model.pb.go:2268.3,2268.12 1 0
github.com/tinode/chat/pbx/model.pb.go:2270.2,2270.24 1 0
github.com/tinode/chat/pbx/model.pb.go:2274.49,2276.2 1 0
github.com/tinode/chat/pbx/model.pb.go:2278.41,2279.14 1 0
github.com/tinode/chat/pbx/model.pb.go:2279.14,2281.3 1 0
github.com/tinode/chat/pbx/model.pb.go:2282.2,2282.11 1 0
github.com/tinode/chat/pbx/model.pb.go:2285.40,2286.14 1 0
github.com/tinode/chat/pbx/model.pb.go:2286.14,2288.3 1 0
github.com/tinode/chat/pbx/model.pb.go:2289.2,2289.11 1 0
github.com/tinode/chat/pbx/model.pb.go:2292.37,2293.14 1 0
github.com/tinode/chat/pbx/model.pb.go:2293.14,2295.3 1 0
github.com/tinode/chat/pbx/model.pb.go:2296.2,2296.14 1 0
github.com/tinode/chat/pbx/model.pb.go:2326.29,2328.29 2 0
github.com/tinode/chat/pbx/model.pb.go:2328.29,2332.3 3 0
github.com/tinode/chat/pbx/model.pb.go:2335.37,2337.2 1 0
github.com/tinode/chat/pbx/model.pb.go:2339.35,2339.36 0 0
github.com/tinode/chat/pbx/model.pb.go:2341.57,2343.41 2 0
github.com/tinode/chat/pbx/model.pb.go:2343.41,2345.34 2 0
github.com/tinode/chat/pbx/model.pb.go:2345.34,2347.4 1 0
github.com/tinode/chat/pbx/model.pb.go:2348.3,2348.12 1 0
github.com/tinode/chat/pbx/model.pb.go:2350.2,2350.24 1 0
github.com/tinode/chat/pbx/model.pb.go:2354.48,2356.2 1 0
github.com/tinode/chat/pbx/model.pb.go:2358.42,2359.14 1 0
github.com/tinode/chat/pbx/model.pb.go:2359.14,2361.3 1 0
github.com/tinode/chat/pbx/model.pb.go:2362.2,2362.10 1 0
github.com/tinode/chat/pbx/model.pb.go:2365.42,2366.14 1 0
github.com/tinode/chat/pbx/model.pb.go:2366.14,2368.3 1 0
github.com/tinode/chat/pbx/model.pb.go:2369.2,2369.10 1 0
github.com/tinode/chat/pbx/model.pb.go:2372.42,2373.14 1 0
github.com/tinode/chat/pbx/model.pb.go:2373.14,2375.3 1 0
github.com/tinode/chat/pbx/model.pb.go:2376.2,2376.10 1 0
github.com/tinode/chat/pbx/model.pb.go:2379.49,2380.14 1 0
github.com/tinode/chat/pbx/model.pb.go:2380.14,2382.3 1 0
github.com/tinode/chat/pbx/model.pb.go:2383.2,2383.12 1 0
github.com/tinode/chat/pbx/model.pb.go:2386.42,2387.14 1 0
github.com/tinode/chat/pbx/model.pb.go:2387.14,2389.3 1 0
github.com/tinode/chat/pbx/model.pb.go:2390.2,2390.12 1 0
github.com/tinode/chat/pbx/model.pb.go:2393.38,2394.14 1 1
github.com/tinode/chat/pbx/model.pb.go:2394.14,2396.3 1 1
github.com/tinode/chat/pbx/model.pb.go:2397.2,2397.10 1 0
github.com/tinode/chat/pbx/model.pb.go:2400.39,2401.14 1 0
github.com/tinode/chat/pbx/model.pb.go:2401.14,2403.3 1 0
github.com/tinode/chat/pbx/model.pb.go:2404.2,2404.10 1 0
github.com/tinode/chat/pbx/model.pb.go:2407.39,2408.14 1 0
github.com/tinode/chat/pbx/model.pb.go:2408.14,2410.3 1 0
github.com/tinode/chat/pbx/model.pb.go:2411.2,2411.10 1 0
github.com/tinode/chat/pbx/model.pb.go:2414.38,2415.14 1 0
github.com/tinode/chat/pbx/model.pb.go:2415.14,2417.3 1 0
github.com/tinode/chat/pbx/model.pb.go:2418.2,2418.10 1 0
github.com/tinode/chat/pbx/model.pb.go:2421.40,2422.14 1 0
github.com/tinode/chat/pbx/model.pb.go:2422.14,2424.3 1 0
github.com/tinode/chat/pbx/model.pb.go:2425.2,2425.12 1 0
github.com/tinode/chat/pbx/model.pb.go:2428.41,2429.14 1 0
github.com/tinode/chat/pbx/model.pb.go:2429.14,2431.3 1 0
github.com/tinode/chat/pbx/model.pb.go:2432.2,2432.12 1 0
github.com/tinode/chat/pbx/model.pb.go:2435.39,2436.14 1 0
github.com/tinode/chat/pbx/model.pb.go:2436.14,2438.3 1 0
github.com/tinode/chat/pbx/model.pb.go:2439.2,2439.11 1 0
github.com/tinode/chat/pbx/model.pb.go:2442.40,2443.14 1 0
github.com/tinode/chat/pbx/model.pb.go:2443.14,2445.3 1 0
github.com/tinode/chat/pbx/model.pb.go:2446.2,2446.10 1 0
github.com/tinode/chat/pbx/model.pb.go:2449.41,2450.14 1 0
github.com/tinode/chat/pbx/model.pb.go:2450.14,2452.3 1 0
github.com/tinode/chat/pbx/model.pb.go:2453.2,2453.12 1 0
github.com/tinode/chat/pbx/model.pb.go:2456.38,2457.14 1 0
github.com/tinode/chat/pbx/model.pb.go:2457.14,2459.3 1 0
github.com/tinode/chat/pbx/model.pb.go:2460.2,2460.14 1 0
github.com/tinode/chat/pbx/model.pb.go:2463.38,2464.14 1 0
github.com/tinode/chat/pbx/model.pb.go:2464.14,2466.3 1 0
github.com/tinode/chat/pbx/model.pb.go:2467.2,2467.14 1 0
github.com/tinode/chat/pbx/model.pb.go:2470.45,2471.14 1 0
github.com/tinode/chat/pbx/model.pb.go:2471.14,2473.3 1 0
github.com/tinode/chat/pbx/model.pb.go:2474.2,2474.10 1 0
github.com/tinode/chat/pbx/model.pb.go:2477.51,2478.14 1 0
github.com/tinode/chat/pbx/model.pb.go:2478.14,2480.3 1 0
github.com/tinode/chat/pbx/model.pb.go:2481.2,2481.11 1 0
github.com/tinode/chat/pbx/model.pb.go:2513.28,2515.29 2 0
github.com/tinode/chat/pbx/model.pb.go:2515.29,2519.3 3 0
github.com/tinode/chat/pbx/model.pb.go:2522.36,2524.2 1 0
github.com/tinode/chat/pbx/model.pb.go:2526.34,2526.35 0 0
github.com/tinode/chat/pbx/model.pb.go:2528.56,2530.41 2 0
github.com/tinode/chat/pbx/model.pb.go:2530.41,2532.34 2 0
github.com/tinode/chat/pbx/model.pb.go:2532.34,2534.4 1 0
github.com/tinode/chat/pbx/model.pb.go:2535.3,2535.12 1 0
github.com/tinode/chat/pbx/model.pb.go:2537.2,2537.24 1 0
github.com/tinode/chat/pbx/model.pb.go:2541.47,2543.2 1 0
github.com/tinode/chat/pbx/model.pb.go:2545.41,2546.14 1 0
github.com/tinode/chat/pbx/model.pb.go:2546.14,2548.3 1 0
github.com/tinode/chat/pbx/model.pb.go:2549.2,2549.10 1 0
github.com/tinode/chat/pbx/model.pb.go:2552.41,2553.14 1 0
github.com/tinode/chat/pbx/model.pb.go:2553.14,2555.3 1 0
github.com/tinode/chat/pbx/model.pb.go:2556.2,2556.10 1 0
github.com/tinode/chat/pbx/model.pb.go:2559.37,2560.14 1 0
github.com/tinode/chat/pbx/model.pb.go:2560.14,2562.3 1 0
github.com/tinode/chat/pbx/model.pb.go:2563.2,2563.14 1 0
github.com/tinode/chat/pbx/model.pb.go:2566.41,2567.14 1 0
github.com/tinode/chat/pbx/model.pb.go:2567.14,2569.3 1 0
github.com/tinode/chat/pbx/model.pb.go:2570.2,2570.12 1 0
github.com/tinode/chat/pbx/model.pb.go:2573.38,2574.14 1 0
github.com/tinode/chat/pbx/model.pb.go:2574.14,2576.3 1 0
github.com/tinode/chat/pbx/model.pb.go:2577.2,2577.10 1 0
github.com/tinode/chat/pbx/model.pb.go:2580.38,2581.14 1 0
github.com/tinode/chat/pbx/model.pb.go:2581.14,2583.3 1 0
github.com/tinode/chat/pbx/model.pb.go:2584.2,2584.10 1 0
github.com/tinode/chat/pbx/model.pb.go:2587.39,2588.14 1 0
github.com/tinode/chat/pbx/model.pb.go:2588.14,2590.3 1 0
github.com/tinode/chat/pbx/model.pb.go:2591.2,2591.12 1 0
github.com/tinode/chat/pbx/model.pb.go:2594.40,2595.14 1 0
github.com/tinode/chat/pbx/model.pb.go:2595.14,2597.3 1 0
github.com/tinode/chat/pbx/model.pb.go:2598.2,2598.12 1 0
github.com/tinode/chat/pbx/model.pb.go:2601.40,2602.14 1 0
github.com/tinode/chat/pbx/model.pb.go:2602.14,2604.3 1 0
github.com/tinode/chat/pbx/model.pb.go:2605.2,2605.12 1 0
github.com/tinode/chat/pbx/model.pb.go:2608.39,2609.14 1 0
github.com/tinode/chat/pbx/model.pb.go:2609.14,2611.3 1 0
github.com/tinode/chat/pbx/model.pb.go:2612.2,2612.11 1 0
github.com/tinode/chat/pbx/model.pb.go:2615.38,2616.14 1 0
github.com/tinode/chat/pbx/model.pb.go:2616.14,2618.3 1 0
github.com/tinode/chat/pbx/model.pb.go:2619.2,2619.11 1 0
github.com/tinode/chat/pbx/model.pb.go:2622.41,2623.14 1 0
github.com/tinode/chat/pbx/model.pb.go:2623.14,2625.3 1 0
github.com/tinode/chat/pbx/model.pb.go:2626.2,2626.10 1 0
github.com/tinode/chat/pbx/model.pb.go:2629.37,2630.14 1 0
github.com/tinode/chat/pbx/model.pb.go:2630.14,2632.3 1 0
github.com/tinode/chat/pbx/model.pb.go:2633.2,2633.10 1 0
github.com/tinode/chat/pbx/model.pb.go:2636.37,2637.14 1 0
github.com/tinode/chat/pbx/model.pb.go:2637.14,2639.3 1 0
github.com/tinode/chat/pbx/model.pb.go:2640.2,2640.10 1 0
github.com/tinode/chat/pbx/model.pb.go:2643.44,2644.14 1 0
github.com/tinode/chat/pbx/model.pb.go:2644.14,2646.3 1 0
github.com/tinode/chat/pbx/model.pb.go:2647.2,2647.10 1 0
github.com/tinode/chat/pbx/model.pb.go:2650.50,2651.14 1 0
github.com/tinode/chat/pbx/model.pb.go:2651.14,2653.3 1 0
github.com/tinode/chat/pbx/model.pb.go:2654.2,2654.11 1 0
github.com/tinode/chat/pbx/model.pb.go:2666.29,2668.29 2 0
github.com/tinode/chat/pbx/model.pb.go:2668.29,2672.3 3 0
github.com/tinode/chat/pbx/model.pb.go:2675.37,2677.2 1 0
github.com/tinode/chat/pbx/model.pb.go:2679.35,2679.36 0 0
github.com/tinode/chat/pbx/model.pb.go:2681.57,2683.41 2 0
github.com/tinode/chat/pbx/model.pb.go:2683.41,2685.34 2 0
github.com/tinode/chat/pbx/model.pb.go:2685.34,2687.4 1 0
github.com/tinode/chat/pbx/model.pb.go:2688.3,2688.12 1 0
github.com/tinode/chat/pbx/model.pb.go:2690.2,2690.24 1 0
github.com/tinode/chat/pbx/model.pb.go:2694.48,2696.2 1 0
github.com/tinode/chat/pbx/model.pb.go:2698.38,2699.14 1 0
github.com/tinode/chat/pbx/model.pb.go:2699.14,2701.3 1 0
github.com/tinode/chat/pbx/model.pb.go:2702.2,2702.10 1 0
github.com/tinode/chat/pbx/model.pb.go:2705.45,2706.14 1 0
github.com/tinode/chat/pbx/model.pb.go:2706.14,2708.3 1 0
github.com/tinode/chat/pbx/model.pb.go:2709.2,2709.12 1 0
github.com/tinode/chat/pbx/model.pb.go:2725.30,2727.29 2 0
github.com/tinode/chat/pbx/model.pb.go:2727.29,2731.3 3 0
github.com/tinode/chat/pbx/model.pb.go:2734.38,2736.2 1 0
github.com/tinode/chat/pbx/model.pb.go:2738.36,2738.37 0 0
github.com/tinode/chat/pbx/model.pb.go:2740.58,2742.41 2 0
github.com/tinode/chat/pbx/model.pb.go:2742.41,2744.34 2 0
github.com/tinode/chat/pbx/model.pb.go:2744.34,2746.4 1 0
github.com/tinode/chat/pbx/model.pb.go:2747.3,2747.12 1 0
github.com/tinode/chat/pbx/model.pb.go:2749.2,2749.24 1 0
github.com/tinode/chat/pbx/model.pb.go:2753.49,2755.2 1 0
github.com/tinode/chat/pbx/model.pb.go:2757.37,2758.14 1 1
github.com/tinode/chat/pbx/model.pb.go:2758.14,2760.3 1 1
github.com/tinode/chat/pbx/model.pb.go:2761.2,2761.11 1 0
github.com/tinode/chat/pbx/model.pb.go:2764.40,2765.14 1 0
github.com/tinode/chat/pbx/model.pb.go:2765.14,2767.3 1 0
github.com/tinode/chat/pbx/model.pb.go:2768.2,2768.11 1 0
github.com/tinode/chat/pbx/model.pb.go:2771.38,2772.14 1 1
github.com/tinode/chat/pbx/model.pb.go:2772.14,2774.3 1 1
github.com/tinode/chat/pbx/model.pb.go:2775.2,2775.10 1 0
github.com/tinode/chat/pbx/model.pb.go:2778.39,2779.14 1 1
github.com/tinode/chat/pbx/model.pb.go:2779.14,2781.3 1 1
github.com/tinode/chat/pbx/model.pb.go:2782.2,2782.11 1 0
github.com/tinode/chat/pbx/model.pb.go:2785.52,2786.14 1 1
github.com/tinode/chat/pbx/model.pb.go:2786.14,2788.3 1 1
github.com/tinode/chat/pbx/model.pb.go:2789.2,2789.12 1 0
github.com/tinode/chat/pbx/model.pb.go:2810.30,2812.29 2 0
github.com/tinode/chat/pbx/model.pb.go:2812.29,2816.3 3 0
github.com/tinode/chat/pbx/model.pb.go:2819.38,2821.2 1 0
github.com/tinode/chat/pbx/model.pb.go:2823.36,2823.37 0 0
github.com/tinode/chat/pbx/model.pb.go:2825.58,2827.41 2 0
github.com/tinode/chat/pbx/model.pb.go:2827.41,2829.34 2 0
github.com/tinode/chat/pbx/model.pb.go:2829.34,2831.4 1 0
github.com/tinode/chat/pbx/model.pb.go:2832.3,2832.12 1 0
github.com/tinode/chat/pbx/model.pb.go:2834.2,2834.24 1 0
github.com/tinode/chat/pbx/model.pb.go:2838.49,2840.2 1 0
github.com/tinode/chat/pbx/model.pb.go:2842.40,2843.14 1 0
github.com/tinode/chat/pbx/model.pb.go:2843.14,2845.3 1 0
github.com/tinode/chat/pbx/model.pb.go:2846.2,2846.11 1 0
github.com/tinode/chat/pbx/model.pb.go:2849.45,2850.14 1 0
github.com/tinode/chat/pbx/model.pb.go:2850.14,2852.3 1 0
github.com/tinode/chat/pbx/model.pb.go:2853.2,2853.11 1 0
github.com/tinode/chat/pbx/model.pb.go:2856.43,2857.14 1 0
github.com/tinode/chat/pbx/model.pb.go:2857.14,2859.3 1 0
github.com/tinode/chat/pbx/model.pb.go:2860.2,2860.10 1 0
github.com/tinode/chat/pbx/model.pb.go:2863.43,2864.14 1 0
github.com/tinode/chat/pbx/model.pb.go:2864.14,2866.3 1 0
github.com/tinode/chat/pbx/model.pb.go:2867.2,2867.10 1 0
github.com/tinode/chat/pbx/model.pb.go:2870.39,2871.14 1 1
github.com/tinode/chat/pbx/model.pb.go:2871.14,2873.3 1 1
github.com/tinode/chat/pbx/model.pb.go:2874.2,2874.10 1 0
github.com/tinode/chat/pbx/model.pb.go:2877.50,2878.14 1 0
github.com/tinode/chat/pbx/model.pb.go:2878.14,2880.3 1 0
github.com/tinode/chat/pbx/model.pb.go:2881.2,2881.12 1 0
github.com/tinode/chat/pbx/model.pb.go:2884.42,2885.14 1 1
github.com/tinode/chat/pbx/model.pb.go:2885.14,2887.3 1 1
github.com/tinode/chat/pbx/model.pb.go:2888.2,2888.12 1 0
github.com/tinode/chat/pbx/model.pb.go:2909.30,2911.29 2 0
github.com/tinode/chat/pbx/model.pb.go:2911.29,2915.3 3 0
github.com/tinode/chat/pbx/model.pb.go:2918.38,2920.2 1 0
github.com/tinode/chat/pbx/model.pb.go:2922.36,2922.37 0 0
github.com/tinode/chat/pbx/model.pb.go:2924.58,2926.41 2 0
github.com/tinode/chat/pbx/model.pb.go:2926.41,2928.34 2 0
github.com/tinode/chat/pbx/model.pb.go:2928.34,2930.4 1 0
github.com/tinode/chat/pbx/model.pb.go:2931.3,2931.12 1 0
github.com/tinode/chat/pbx/model.pb.go:2933.2,2933.24 1 0
github.com/tinode/chat/pbx/model.pb.go:2937.49,2939.2 1 0
github.com/tinode/chat/pbx/model.pb.go:2941.40,2942.14 1 0
github.com/tinode/chat/pbx/model.pb.go:2942.14,2944.3 1 0
github.com/tinode/chat/pbx/model.pb.go:2945.2,2945.11 1 0
github.com/tinode/chat/pbx/model.pb.go:2948.38,2949.14 1 0
github.com/tinode/chat/pbx/model.pb.go:2949.14,2951.3 1 0
github.com/tinode/chat/pbx/model.pb.go:2952.2,2952.11 1 0
github.com/tinode/chat/pbx/model.pb.go:2955.48,2956.14 1 0
github.com/tinode/chat/pbx/model.pb.go:2956.14,2958.3 1 0
github.com/tinode/chat/pbx/model.pb.go:2959.2,2959.22 1 0
github.com/tinode/chat/pbx/model.pb.go:2962.44,2963.14 1 0
github.com/tinode/chat/pbx/model.pb.go:2963.14,2965.3 1 0
github.com/tinode/chat/pbx/model.pb.go:2966.2,2966.11 1 0
github.com/tinode/chat/pbx/model.pb.go:2969.39,2970.14 1 0
github.com/tinode/chat/pbx/model.pb.go:2970.14,2972.3 1 0
github.com/tinode/chat/pbx/model.pb.go:2973.2,2973.10 1 0
github.com/tinode/chat/pbx/model.pb.go:2976.39,2977.14 1 0
github.com/tinode/chat/pbx/model.pb.go:2977.14,2979.3 1 0
github.com/tinode/chat/pbx/model.pb.go:2980.2,2980.10 1 0
github.com/tinode/chat/pbx/model.pb.go:2983.46,2984.14 1 0
github.com/tinode/chat/pbx/model.pb.go:2984.14,2986.3 1 0
github.com/tinode/chat/pbx/model.pb.go:2987.2,2987.12 1 0
github.com/tinode/chat/pbx/model.pb.go:2990.47,2991.14 1 0
github.com/tinode/chat/pbx/model.pb.go:2991.14,2993.3 1 0
github.com/tinode/chat/pbx/model.pb.go:2994.2,2994.11 1 0
github.com/tinode/chat/pbx/model.pb.go:2997.46,2998.14 1 0
github.com/tinode/chat/pbx/model.pb.go:2998.14,3000.3 1 0
github.com/tinode/chat/pbx/model.pb.go:3001.2,3001.11 1 0
github.com/tinode/chat/pbx/model.pb.go:3004.43,3005.14 1 0
github.com/tinode/chat/pbx/model.pb.go:3005.14,3007.3 1 0
github.com/tinode/chat/pbx/model.pb.go:3008.2,3008.12 1 0
github.com/tinode/chat/pbx/model.pb.go:3026.30,3028.29 2 0
github.com/tinode/chat/pbx/model.pb.go:3028.29,3032.3 3 0
github.com/tinode/chat/pbx/model.pb.go:3035.38,3037.2 1 0
github.com/tinode/chat/pbx/model.pb.go:3039.36,3039.37 0 0
github.com/tinode/chat/pbx/model.pb.go:3041.58,3043.41 2 0
github.com/tinode/chat/pbx/model.pb.go:3043.41,3045.34 2 0
github.com/tinode/chat/pbx/model.pb.go:3045.34,3047.4 1 0
github.com/tinode/chat/pbx/model.pb.go:3048.3,3048.12 1 0
github.com/tinode/chat/pbx/model.pb.go:3050.2,3050.24 1 0
github.com/tinode/chat/pbx/model.pb.go:3054.49,3056.2 1 0
github.com/tinode/chat/pbx/model.pb.go:3058.37,3059.14 1 0
github.com/tinode/chat/pbx/model.pb.go:3059.14,3061.3 1 0
github.com/tinode/chat/pbx/model.pb.go:3062.2,3062.11 1 0
github.com/tinode/chat/pbx/model.pb.go:3065.40,3066.14 1 0
github.com/tinode/chat/pbx/model.pb.go:3066.14,3068.3 1 0
github.com/tinode/chat/pbx/model.pb.go:3069.2,3069.11 1 0
github.com/tinode/chat/pbx/model.pb.go:3072.43,3073.14 1 0
github.com/tinode/chat/pbx/model.pb.go:3073.14,3075.3 1 0
github.com/tinode/chat/pbx/model.pb.go:3076.2,3076.12 1 0
github.com/tinode/chat/pbx/model.pb.go:3079.43,3080.14 1 0
github.com/tinode/chat/pbx/model.pb.go:3080.14,3082.3 1 0
github.com/tinode/chat/pbx/model.pb.go:3083.2,3083.12 1 0
github.com/tinode/chat/pbx/model.pb.go:3086.42,3087.14 1 0
github.com/tinode/chat/pbx/model.pb.go:3087.14,3089.3 1 0
github.com/tinode/chat/pbx/model.pb.go:3090.2,3090.12 1 0
github.com/tinode/chat/pbx/model.pb.go:3093.41,3094.14 1 0
github.com/tinode/chat/pbx/model.pb.go:3094.14,3096.3 1 0
github.com/tinode/chat/pbx/model.pb.go:3097.2,3097.12 1 0
github.com/tinode/chat/pbx/model.pb.go:3100.46,3101.14 1 0
github.com/tinode/chat/pbx/model.pb.go:3101.14,3103.3 1 0
github.com/tinode/chat/pbx/model.pb.go:3104.2,3104.12 1 0
github.com/tinode/chat/pbx/model.pb.go:3122.30,3124.29 2 0
github.com/tinode/chat/pbx/model.pb.go:3124.29,3128.3 3 0
github.com/tinode/chat/pbx/model.pb.go:3131.38,3133.2 1 0
github.com/tinode/chat/pbx/model.pb.go:3135.36,3135.37 0 0
github.com/tinode/chat/pbx/model.pb.go:3137.58,3139.41 2 0
github.com/tinode/chat/pbx/model.pb.go:3139.41,3141.34 2 0
github.com/tinode/chat/pbx/model.pb.go:3141.34,3143.4 1 0
github.com/tinode/chat/pbx/model.pb.go:3144.3,3144.12 1 0
github.com/tinode/chat/pbx/model.pb.go:3146.2,3146.24 1 0
github.com/tinode/chat/pbx/model.pb.go:3150.49,3152.2 1 0
github.com/tinode/chat/pbx/model.pb.go:3154.40,3155.14 1 0
github.com/tinode/chat/pbx/model.pb.go:3155.14,3157.3 1 0
github.com/tinode/chat/pbx/model.pb.go:3158.2,3158.11 1 0
github.com/tinode/chat/pbx/model.pb.go:3161.45,3162.14 1 0
github.com/tinode/chat/pbx/model.pb.go:3162.14,3164.3 1 0
github.com/tinode/chat/pbx/model.pb.go:3165.2,3165.11 1 0
github.com/tinode/chat/pbx/model.pb.go:3168.41,3169.14 1 0
github.com/tinode/chat/pbx/model.pb.go:3169.14,3171.3 1 0
github.com/tinode/chat/pbx/model.pb.go:3172.2,3172.20 1 0
github.com/tinode/chat/pbx/model.pb.go:3175.39,3176.14 1 0
github.com/tinode/chat/pbx/model.pb.go:3176.14,3178.3 1 0
github.com/tinode/chat/pbx/model.pb.go:3179.2,3179.10 1 0
github.com/tinode/chat/pbx/model.pb.go:3182.38,3183.14 1 0
github.com/tinode/chat/pbx/model.pb.go:3183.14,3185.3 1 0
github.com/tinode/chat/pbx/model.pb.go:3186.2,3186.11 1 0
github.com/tinode/chat/pbx/model.pb.go:3189.43,3190.14 1 0
github.com/tinode/chat/pbx/model.pb.go:3190.14,3192.3 1 0
github.com/tinode/chat/pbx/model.pb.go:3193.2,3193.21 1 0
github.com/tinode/chat/pbx/model.pb.go:3196.42,3197.14 1 0
github.com/tinode/chat/pbx/model.pb.go:3197.14,3199.3 1 0
github.com/tinode/chat/pbx/model.pb.go:3200.2,3200.12 1 0
github.com/tinode/chat/pbx/model.pb.go:3223.29,3225.29 2 0
github.com/tinode/chat/pbx/model.pb.go:3225.29,3229.3 3 0
github.com/tinode/chat/pbx/model.pb.go:3232.37,3234.2 1 0
github.com/tinode/chat/pbx/model.pb.go:3236.35,3236.36 0 0
github.com/tinode/chat/pbx/model.pb.go:3238.57,3240.41 2 0
github.com/tinode/chat/pbx/model.pb.go:3240.41,3242.34 2 0
github.com/tinode/chat/pbx/model.pb.go:3242.34,3244.4 1 0
github.com/tinode/chat/pbx/model.pb.go:3245.3,3245.12 1 0
github.com/tinode/chat/pbx/model.pb.go:3247.2,3247.24 1 0
github.com/tinode/chat/pbx/model.pb.go:3251.48,3253.2 1 0
github.com/tinode/chat/pbx/model.pb.go:3255.54,3256.14 1 0
github.com/tinode/chat/pbx/model.pb.go:3256.14,3258.3 1 0
github.com/tinode/chat/pbx/model.pb.go:3259.2,3259.12 1 0
github.com/tinode/chat/pbx/model.pb.go:3262.43,3263.51 1 0
github.com/tinode/chat/pbx/model.pb.go:3263.51,3265.3 1 0
github.com/tinode/chat/pbx/model.pb.go:3266.2,3266.12 1 0
github.com/tinode/chat/pbx/model.pb.go:3269.43,3270.51 1 0
github.com/tinode/chat/pbx/model.pb.go:3270.51,3272.3 1 0
github.com/tinode/chat/pbx/model.pb.go:3273.2,3273.12 1 0
github.com/tinode/chat/pbx/model.pb.go:3276.43,3277.51 1 0
github.com/tinode/chat/pbx/model.pb.go:3277.51,3279.3 1 0
github.com/tinode/chat/pbx/model.pb.go:3280.2,3280.12 1 0
github.com/tinode/chat/pbx/model.pb.go:3283.43,3284.51 1 0
github.com/tinode/chat/pbx/model.pb.go:3284.51,3286.3 1 0
github.com/tinode/chat/pbx/model.pb.go:3287.2,3287.12 1 0
github.com/tinode/chat/pbx/model.pb.go:3290.43,3291.51 1 0
github.com/tinode/chat/pbx/model.pb.go:3291.51,3293.3 1 0
github.com/tinode/chat/pbx/model.pb.go:3294.2,3294.12 1 0
github.com/tinode/chat/pbx/model.pb.go:3298.39,3299.14 1 0
github.com/tinode/chat/pbx/model.pb.go:3299.14,3301.3 1 0
github.com/tinode/chat/pbx/model.pb.go:3302.2,3302.11 1 0
github.com/tinode/chat/pbx/model.pb.go:3329.47,3329.48 0 0
github.com/tinode/chat/pbx/model.pb.go:3331.47,3331.48 0 0
github.com/tinode/chat/pbx/model.pb.go:3333.47,3333.48 0 0
github.com/tinode/chat/pbx/model.pb.go:3335.47,3335.48 0 0
github.com/tinode/chat/pbx/model.pb.go:3337.47,3337.48 0 0
github.com/tinode/chat/pbx/model.pb.go:3349.30,3351.29 2 0
github.com/tinode/chat/pbx/model.pb.go:3351.29,3355.3 3 0
github.com/tinode/chat/pbx/model.pb.go:3358.38,3360.2 1 0
github.com/tinode/chat/pbx/model.pb.go:3362.36,3362.37 0 0
github.com/tinode/chat/pbx/model.pb.go:3364.58,3366.41 2 0
github.com/tinode/chat/pbx/model.pb.go:3366.41,3368.34 2 0
github.com/tinode/chat/pbx/model.pb.go:3368.34,3370.4 1 0
github.com/tinode/chat/pbx/model.pb.go:3371.3,3371.12 1 0
github.com/tinode/chat/pbx/model.pb.go:3373.2,3373.24 1 0
github.com/tinode/chat/pbx/model.pb.go:3377.49,3379.2 1 0
github.com/tinode/chat/pbx/model.pb.go:3381.43,3382.14 1 0
github.com/tinode/chat/pbx/model.pb.go:3382.14,3384.3 1 0
github.com/tinode/chat/pbx/model.pb.go:3385.2,3385.26 1 0
github.com/tinode/chat/pbx/model.pb.go:3388.45,3389.14 1 0
github.com/tinode/chat/pbx/model.pb.go:3389.14,3391.3 1 0
github.com/tinode/chat/pbx/model.pb.go:3392.2,3392.12 1 0
github.com/tinode/chat/pbx/model.pb.go:3395.44,3396.14 1 0
github.com/tinode/chat/pbx/model.pb.go:3396.14,3398.3 1 0
github.com/tinode/chat/pbx/model.pb.go:3399.2,3399.12 1 0
github.com/tinode/chat/pbx/model.pb.go:3417.27,3419.29 2 0
github.com/tinode/chat/pbx/model.pb.go:3419.29,3423.3 3 0
github.com/tinode/chat/pbx/model.pb.go:3426.35,3428.2 1 0
github.com/tinode/chat/pbx/model.pb.go:3430.33,3430.34 0 0
github.com/tinode/chat/pbx/model.pb.go:3432.55,3434.41 2 0
github.com/tinode/chat/pbx/model.pb.go:3434.41,3436.34 2 0
github.com/tinode/chat/pbx/model.pb.go:3436.34,3438.4 1 0
github.com/tinode/chat/pbx/model.pb.go:3439.3,3439.12 1 0
github.com/tinode/chat/pbx/model.pb.go:3441.2,3441.24 1 0
github.com/tinode/chat/pbx/model.pb.go:3445.46,3447.2 1 0
github.com/tinode/chat/pbx/model.pb.go:3449.41,3450.14 1 0
github.com/tinode/chat/pbx/model.pb.go:3450.14,3452.3 1 0
github.com/tinode/chat/pbx/model.pb.go:3453.2,3453.11 1 0
github.com/tinode/chat/pbx/model.pb.go:3456.38,3457.14 1 0
github.com/tinode/chat/pbx/model.pb.go:3457.14,3459.3 1 0
github.com/tinode/chat/pbx/model.pb.go:3460.2,3460.11 1 0
github.com/tinode/chat/pbx/model.pb.go:3463.44,3464.14 1 0
github.com/tinode/chat/pbx/model.pb.go:3464.14,3466.3 1 0
github.com/tinode/chat/pbx/model.pb.go:3467.2,3467.23 1 0
github.com/tinode/chat/pbx/model.pb.go:3470.42,3471.14 1 0
github.com/tinode/chat/pbx/model.pb.go:3471.14,3473.3 1 0
github.com/tinode/chat/pbx/model.pb.go:3474.2,3474.11 1 0
github.com/tinode/chat/pbx/model.pb.go:3477.41,3478.14 1 0
github.com/tinode/chat/pbx/model.pb.go:3478.14,3480.3 1 0
github.com/tinode/chat/pbx/model.pb.go:3481.2,3481.11 1 0
github.com/tinode/chat/pbx/model.pb.go:3484.40,3485.14 1 0
github.com/tinode/chat/pbx/model.pb.go:3485.14,3487.3 1 0
github.com/tinode/chat/pbx/model.pb.go:3488.2,3488.11 1 0
github.com/tinode/chat/pbx/model.pb.go:3491.40,3492.14 1 0
github.com/tinode/chat/pbx/model.pb.go:3492.14,3494.3 1 0
github.com/tinode/chat/pbx/model.pb.go:3495.2,3495.11 1 0
github.com/tinode/chat/pbx/model.pb.go:3507.29,3509.29 2 0
github.com/tinode/chat/pbx/model.pb.go:3509.29,3513.3 3 0
github.com/tinode/chat/pbx/model.pb.go:3516.37,3518.2 1 0
github.com/tinode/chat/pbx/model.pb.go:3520.35,3520.36 0 0
github.com/tinode/chat/pbx/model.pb.go:3522.57,3524.41 2 0
github.com/tinode/chat/pbx/model.pb.go:3524.41,3526.34 2 0
github.com/tinode/chat/pbx/model.pb.go:3526.34,3528.4 1 0
github.com/tinode/chat/pbx/model.pb.go:3529.3,3529.12 1 0
github.com/tinode/chat/pbx/model.pb.go:3531.2,3531.24 1 0
github.com/tinode/chat/pbx/model.pb.go:3535.48,3537.2 1 0
github.com/tinode/chat/pbx/model.pb.go:3539.41,3540.14 1 0
github.com/tinode/chat/pbx/model.pb.go:3540.14,3542.3 1 0
github.com/tinode/chat/pbx/model.pb.go:3543.2,3543.12 1 0
github.com/tinode/chat/pbx/model.pb.go:3546.40,3547.14 1 0
github.com/tinode/chat/pbx/model.pb.go:3547.14,3549.3 1 0
github.com/tinode/chat/pbx/model.pb.go:3550.2,3550.12 1 0
github.com/tinode/chat/pbx/model.pb.go:3562.31,3564.29 2 0
github.com/tinode/chat/pbx/model.pb.go:3564.29,3568.3 3 0
github.com/tinode/chat/pbx/model.pb.go:3571.39,3573.2 1 0
github.com/tinode/chat/pbx/model.pb.go:3575.37,3575.38 0 0
github.com/tinode/chat/pbx/model.pb.go:3577.59,3579.41 2 0
github.com/tinode/chat/pbx/model.pb.go:3579.41,3581.34 2 0
github.com/tinode/chat/pbx/model.pb.go:3581.34,3583.4 1 0
github.com/tinode/chat/pbx/model.pb.go:3584.3,3584.12 1 0
github.com/tinode/chat/pbx/model.pb.go:3586.2,3586.24 1 0
github.com/tinode/chat/pbx/model.pb.go:3590.50,3592.2 1 0
github.com/tinode/chat/pbx/model.pb.go:3594.42,3595.14 1 0
github.com/tinode/chat/pbx/model.pb.go:3595.14,3597.3 1 0
github.com/tinode/chat/pbx/model.pb.go:3598.2,3598.11 1 0
github.com/tinode/chat/pbx/model.pb.go:3601.41,3602.14 1 0
github.com/tinode/chat/pbx/model.pb.go:3602.14,3604.3 1 0
github.com/tinode/chat/pbx/model.pb.go:3605.2,3605.11 1 0
github.com/tinode/chat/pbx/model.pb.go:3620.31,3622.29 2 0
github.com/tinode/chat/pbx/model.pb.go:3622.29,3626.3 3 0
github.com/tinode/chat/pbx/model.pb.go:3629.39,3631.2 1 0
github.com/tinode/chat/pbx/model.pb.go:3633.37,3633.38 0 0
github.com/tinode/chat/pbx/model.pb.go:3635.59,3637.41 2 0
github.com/tinode/chat/pbx/model.pb.go:3637.41,3639.34 2 0
github.com/tinode/chat/pbx/model.pb.go:3639.34,3641.4 1 0
github.com/tinode/chat/pbx/model.pb.go:3642.3,3642.12 1 0
github.com/tinode/chat/pbx/model.pb.go:3644.2,3644.24 1 0
github.com/tinode/chat/pbx/model.pb.go:3648.50,3650.2 1 0
github.com/tinode/chat/pbx/model.pb.go:3652.44,3653.14 1 0
github.com/tinode/chat/pbx/model.pb.go:3653.14,3655.3 1 0
github.com/tinode/chat/pbx/model.pb.go:3656.2,3656.26 1 0
github.com/tinode/chat/pbx/model.pb.go:3659.41,3660.14 1 0
github.com/tinode/chat/pbx/model.pb.go:3660.14,3662.3 1 0
github.com/tinode/chat/pbx/model.pb.go:3663.2,3663.11 1 0
github.com/tinode/chat/pbx/model.pb.go:3666.47,3667.14 1 0
github.com/tinode/chat/pbx/model.pb.go:3667.14,3669.3 1 0
github.com/tinode/chat/pbx/model.pb.go:3670.2,3670.12 1 0
github.com/tinode/chat/pbx/model.pb.go:3683.30,3685.29 2 0
github.com/tinode/chat/pbx/model.pb.go:3685.29,3689.3 3 0
github.com/tinode/chat/pbx/model.pb.go:3692.38,3694.2 1 0
github.com/tinode/chat/pbx/model.pb.go:3696.36,3696.37 0 0
github.com/tinode/chat/pbx/model.pb.go:3698.58,3700.41 2 0
github.com/tinode/chat/pbx/model.pb.go:3700.41,3702.34 2 0
github.com/tinode/chat/pbx/model.pb.go:3702.34,3704.4 1 0
github.com/tinode/chat/pbx/model.pb.go:3705.3,3705.12 1 0
github.com/tinode/chat/pbx/model.pb.go:3707.2,3707.24 1 0
github.com/tinode/chat/pbx/model.pb.go:3711.49,3713.2 1 0
github.com/tinode/chat/pbx/model.pb.go:3715.39,3716.14 1 0
github.com/tinode/chat/pbx/model.pb.go:3716.14,3718.3 1 0
github.com/tinode/chat/pbx/model.pb.go:3719.2,3719.20 1 0
github.com/tinode/chat/pbx/model.pb.go:3722.39,3723.14 1 0
github.com/tinode/chat/pbx/model.pb.go:3723.14,3725.3 1 0
github.com/tinode/chat/pbx/model.pb.go:3726.2,3726.11 1 0
github.com/tinode/chat/pbx/model.pb.go:3729.43,3730.14 1 0
github.com/tinode/chat/pbx/model.pb.go:3730.14,3732.3 1 0
github.com/tinode/chat/pbx/model.pb.go:3733.2,3733.12 1 0
github.com/tinode/chat/pbx/model.pb.go:3749.32,3751.29 2 0
github.com/tinode/chat/pbx/model.pb.go:3751.29,3755.3 3 0
github.com/tinode/chat/pbx/model.pb.go:3758.40,3760.2 1 0
github.com/tinode/chat/pbx/model.pb.go:3762.38,3762.39 0 0
github.com/tinode/chat/pbx/model.pb.go:3764.60,3766.41 2 0
github.com/tinode/chat/pbx/model.pb.go:3766.41,3768.34 2 0
github.com/tinode/chat/pbx/model.pb.go:3768.34,3770.4 1 0
github.com/tinode/chat/pbx/model.pb.go:3771.3,3771.12 1 0
github.com/tinode/chat/pbx/model.pb.go:3773.2,3773.24 1 0
github.com/tinode/chat/pbx/model.pb.go:3777.51,3779.2 1 0
github.com/tinode/chat/pbx/model.pb.go:3781.41,3782.14 1 0
github.com/tinode/chat/pbx/model.pb.go:3782.14,3784.3 1 0
github.com/tinode/chat/pbx/model.pb.go:3785.2,3785.20 1 0
github.com/tinode/chat/pbx/model.pb.go:3788.43,3789.14 1 0
github.com/tinode/chat/pbx/model.pb.go:3789.14,3791.3 1 0
github.com/tinode/chat/pbx/model.pb.go:3792.2,3792.11 1 0
github.com/tinode/chat/pbx/model.pb.go:3795.56,3796.14 1 0
github.com/tinode/chat/pbx/model.pb.go:3796.14,3798.3 1 0
github.com/tinode/chat/pbx/model.pb.go:3799.2,3799.12 1 0
github.com/tinode/chat/pbx/model.pb.go:3802.43,3803.14 1 0
github.com/tinode/chat/pbx/model.pb.go:3803.14,3805.3 1 0
github.com/tinode/chat/pbx/model.pb.go:3806.2,3806.12 1 0
github.com/tinode/chat/pbx/model.pb.go:3809.43,3810.14 1 0
github.com/tinode/chat/pbx/model.pb.go:3810.14,3812.3 1 0
github.com/tinode/chat/pbx/model.pb.go:3813.2,3813.12 1 0
github.com/tinode/chat/pbx/model.pb.go:3831.37,3833.29 2 0
github.com/tinode/chat/pbx/model.pb.go:3833.29,3837.3 3 0
github.com/tinode/chat/pbx/model.pb.go:3840.45,3842.2 1 0
github.com/tinode/chat/pbx/model.pb.go:3844.43,3844.44 0 0
github.com/tinode/chat/pbx/model.pb.go:3846.65,3848.41 2 0
github.com/tinode/chat/pbx/model.pb.go:3848.41,3850.34 2 0
github.com/tinode/chat/pbx/model.pb.go:3850.34,3852.4 1 0
github.com/tinode/chat/pbx/model.pb.go:3853.3,3853.12 1 0
github.com/tinode/chat/pbx/model.pb.go:3855.2,3855.24 1 0
github.com/tinode/chat/pbx/model.pb.go:3859.56,3861.2 1 0
github.com/tinode/chat/pbx/model.pb.go:3863.46,3864.14 1 0
github.com/tinode/chat/pbx/model.pb.go:3864.14,3866.3 1 0
github.com/tinode/chat/pbx/model.pb.go:3867.2,3867.20 1 0
github.com/tinode/chat/pbx/model.pb.go:3870.47,3871.14 1 0
github.com/tinode/chat/pbx/model.pb.go:3871.14,3873.3 1 0
github.com/tinode/chat/pbx/model.pb.go:3874.2,3874.11 1 0
github.com/tinode/chat/pbx/model.pb.go:3877.48,3878.14 1 0
github.com/tinode/chat/pbx/model.pb.go:3878.14,3880.3 1 0
github.com/tinode/chat/pbx/model.pb.go:3881.2,3881.11 1 0
github.com/tinode/chat/pbx/model.pb.go:3884.46,3885.14 1 0
github.com/tinode/chat/pbx/model.pb.go:3885.14,3887.3 1 0
github.com/tinode/chat/pbx/model.pb.go:3888.2,3888.10 1 0
github.com/tinode/chat/pbx/model.pb.go:3891.47,3892.14 1 0
github.com/tinode/chat/pbx/model.pb.go:3892.14,3894.3 1 0
github.com/tinode/chat/pbx/model.pb.go:3895.2,3895.10 1 0
github.com/tinode/chat/pbx/model.pb.go:3898.47,3899.14 1 0
github.com/tinode/chat/pbx/model.pb.go:3899.14,3901.3 1 0
github.com/tinode/chat/pbx/model.pb.go:3902.2,3902.10 1 0
github.com/tinode/chat/pbx/model.pb.go:3905.51,3906.14 1 0
github.com/tinode/chat/pbx/model.pb.go:3906.14,3908.3 1 0
github.com/tinode/chat/pbx/model.pb.go:3909.2,3909.12 1 0
github.com/tinode/chat/pbx/model.pb.go:3912.49,3913.14 1 0
github.com/tinode/chat/pbx/model.pb.go:3913.14,3915.3 1 0
github.com/tinode/chat/pbx/model.pb.go:3916.2,3916.12 1 0
github.com/tinode/chat/pbx/model.pb.go:3928.32,3930.29 2 0
github.com/tinode/chat/pbx/model.pb.go:3930.29,3934.3 3 0
github.com/tinode/chat/pbx/model.pb.go:3937.40,3939.2 1 0
github.com/tinode/chat/pbx/model.pb.go:3941.38,3941.39 0 0
github.com/tinode/chat/pbx/model.pb.go:3943.60,3945.41 2 0
github.com/tinode/chat/pbx/model.pb.go:3945.41,3947.34 2 0
github.com/tinode/chat/pbx/model.pb.go:3947.34,3949.4 1 0
github.com/tinode/chat/pbx/model.pb.go:3950.3,3950.12 1 0
github.com/tinode/chat/pbx/model.pb.go:3952.2,3952.24 1 0
github.com/tinode/chat/pbx/model.pb.go:3956.51,3958.2 1 0
github.com/tinode/chat/pbx/model.pb.go:3960.41,3961.14 1 0
github.com/tinode/chat/pbx/model.pb.go:3961.14,3963.3 1 0
github.com/tinode/chat/pbx/model.pb.go:3964.2,3964.20 1 0
github.com/tinode/chat/pbx/model.pb.go:3967.45,3968.14 1 0
github.com/tinode/chat/pbx/model.pb.go:3968.14,3970.3 1 0
github.com/tinode/chat/pbx/model.pb.go:3971.2,3971.12 1 0
github.com/tinode/chat/pbx/model.pb.go:4488.44,4489.41 1 0
github.com/tinode/chat/pbx/model.pb.go:4489.41,4491.3 1 0
github.com/tinode/chat/pbx/model.pb.go:4492.2,4492.37 1 0
github.com/tinode/chat/pbx/model.pb.go:4643.13,4643.40 1 1
github.com/tinode/chat/pbx/model.pb.go:4644.30,4645.29 1 1
github.com/tinode/chat/pbx/model.pb.go:4645.29,4647.3 1 0
github.com/tinode/chat/pbx/model.pb.go:4648.2,4648.30 1 1
github.com/tinode/chat/pbx/model.pb.go:4648.30,4649.82 1 0
github.com/tinode/chat/pbx/model.pb.go:4649.82,4650.31 1 0
github.com/tinode/chat/pbx/model.pb.go:4651.11,4652.20 1 0
github.com/tinode/chat/pbx/model.pb.go:4653.11,4654.24 1 0
github.com/tinode/chat/pbx/model.pb.go:4655.11,4656.28 1 0
github.com/tinode/chat/pbx/model.pb.go:4657.12,4658.15 1 0
github.com/tinode/chat/pbx/model.pb.go:4661.3,4661.82 1 0
github.com/tinode/chat/pbx/model.pb.go:4661.82,4662.39 1 0
github.com/tinode/chat/pbx/model.pb.go:4663.11,4664.20 1 0
github.com/tinode/chat/pbx/model.pb.go:4665.11,4666.24 1 0
github.com/tinode/chat/pbx/model.pb.go:4667.11,4668.28 1 0
github.com/tinode/chat/pbx/model.pb.go:4669.12,4670.15 1 0
github.com/tinode/chat/pbx/model.pb.go:4673.3,4673.82 1 0
github.com/tinode/chat/pbx/model.pb.go:4673.82,4674.35 1 0
github.com/tinode/chat/pbx/model.pb.go:4675.11,4676.20 1 0
github.com/tinode/chat/pbx/model.pb.go:4677.11,4678.24 1 0
github.com/tinode/chat/pbx/model.pb.go:4679.11,4680.28 1 0
github.com/tinode/chat/pbx/model.pb.go:4681.12,4682.15 1 0
github.com/tinode/chat/pbx/model.pb.go:4685.3,4685.82 1 0
github.com/tinode/chat/pbx/model.pb.go:4685.82,4686.31 1 0
github.com/tinode/chat/pbx/model.pb.go:4687.11,4688.20 1 0
github.com/tinode/chat/pbx/model.pb.go:4689.11,4690.24 1 0
github.com/tinode/chat/pbx/model.pb.go:4691.11,4692.28 1 0
github.com/tinode/chat/pbx/model.pb.go:4693.12,4694.15 1 0
github.com/tinode/chat/pbx/model.pb.go:4697.3,4697.82 1 0
github.com/tinode/chat/pbx/model.pb.go:4697.82,4698.35 1 0
github.com/tinode/chat/pbx/model.pb.go:4699.11,4700.20 1 0
github.com/tinode/chat/pbx/model.pb.go:4701.11,4702.24 1 0
github.com/tinode/chat/pbx/model.pb.go:4703.11,4704.28 1 0
github.com/tinode/chat/pbx/model.pb.go:4705.12,4706.15 1 0
github.com/tinode/chat/pbx/model.pb.go:4709.3,4709.82 1 0
github.com/tinode/chat/pbx/model.pb.go:4709.82,4710.32 1 0
github.com/tinode/chat/pbx/model.pb.go:4711.11,4712.20 1 0
github.com/tinode/chat/pbx/model.pb.go:4713.11,4714.24 1 0
github.com/tinode/chat/pbx/model.pb.go:4715.11,4716.28 1 0
github.com/tinode/chat/pbx/model.pb.go:4717.12,4718.15 1 0
github.com/tinode/chat/pbx/model.pb.go:4721.3,4721.82 1 0
github.com/tinode/chat/pbx/model.pb.go:4721.82,4722.32 1 0
github.com/tinode/chat/pbx/model.pb.go:4723.11,4724.20 1 0
github.com/tinode/chat/pbx/model.pb.go:4725.11,4726.24 1 0
github.com/tinode/chat/pbx/model.pb.go:4727.11,4728.28 1 0
github.com/tinode/chat/pbx/model.pb.go:4729.12,4730.15 1 0
github.com/tinode/chat/pbx/model.pb.go:4733.3,4733.82 1 0
github.com/tinode/chat/pbx/model.pb.go:4733.82,4734.33 1 0
github.com/tinode/chat/pbx/model.pb.go:4735.11,4736.20 1 0
github.com/tinode/chat/pbx/model.pb.go:4737.11,4738.24 1 0
github.com/tinode/chat/pbx/model.pb.go:4739.11,4740.28 1 0
github.com/tinode/chat/pbx/model.pb.go:4741.12,4742.15 1 0
github.com/tinode/chat/pbx/model.pb.go:4745.3,4745.82 1 0
github.com/tinode/chat/pbx/model.pb.go:4745.82,4746.33 1 0
[...]
github.com/tinode/chat/server/store/types/types.go:1153.2,1154.8 2 0
github.com/tinode/chat/server/store/types/types.go:1167.55,1169.2 1 0
github.com/tinode/chat/server/store/types/types.go:1172.56,1174.2 1 0
github.com/tinode/chat/server/store/types/types.go:1204.33,1206.2 1 0
github.com/tinode/chat/server/store/types/types.go:1209.38,1211.2 1 0
github.com/tinode/chat/server/store/types/types.go:1214.43,1215.27 1 0
github.com/tinode/chat/server/store/types/types.go:1215.27,1217.3 1 0
github.com/tinode/chat/server/store/types/types.go:1218.2,1218.28 1 0
github.com/tinode/chat/server/store/types/types.go:1218.28,1220.3 1 0
github.com/tinode/chat/server/store/types/types.go:1221.2,1221.14 1 0
github.com/tinode/chat/server/store/types/types.go:1227.47,1228.28 1 0
github.com/tinode/chat/server/store/types/types.go:1228.28,1230.27 2 0
github.com/tinode/chat/server/store/types/types.go:1230.27,1231.33 1 0
github.com/tinode/chat/server/store/types/types.go:1231.33,1234.13 1 0
github.com/tinode/chat/server/store/types/types.go:1237.4,1237.53 1 0
github.com/tinode/chat/server/store/types/types.go:1237.53,1239.31 1 0
github.com/tinode/chat/server/store/types/types.go:1239.31,1241.6 1 0
github.com/tinode/chat/server/store/types/types.go:1243.5,1243.13 1 0
github.com/tinode/chat/server/store/types/types.go:1246.4,1246.10 1 0
github.com/tinode/chat/server/store/types/types.go:1248.3,1248.19 1 0
github.com/tinode/chat/server/store/types/types.go:1251.2,1251.11 1 0
github.com/tinode/chat/server/store/types/types.go:1293.40,1294.18 1 0
github.com/tinode/chat/server/store/types/types.go:1295.13,1296.20 1 0
github.com/tinode/chat/server/store/types/types.go:1297.13,1298.21 1 0
github.com/tinode/chat/server/store/types/types.go:1299.20,1300.21 1 0
github.com/tinode/chat/server/store/types/types.go:1301.13,1302.21 1 0
github.com/tinode/chat/server/store/types/types.go:1303.13,1304.21 1 0
github.com/tinode/chat/server/store/types/types.go:1305.10,1306.54 1 0
github.com/tinode/chat/server/store/types/types.go:1351.51,1353.26 2 0
github.com/tinode/chat/server/store/types/types.go:1353.26,1355.3 1 0
github.com/tinode/chat/server/store/types/types.go:1356.2,1356.15 1 0
github.com/tinode/chat/server/store/types/uidgen.go:19.63,22.19 2 0
github.com/tinode/chat/server/store/types/uidgen.go:22.19,24.3 1 0
github.com/tinode/chat/server/store/types/uidgen.go:25.2,25.22 1 0
github.com/tinode/chat/server/store/types/uidgen.go:25.22,27.3 1 0
github.com/tinode/chat/server/store/types/uidgen.go:29.2,29.12 1 0
github.com/tinode/chat/server/store/types/uidgen.go:35.35,37.16 2 0
github.com/tinode/chat/server/store/types/uidgen.go:37.16,39.3 1 0
github.com/tinode/chat/server/store/types/uidgen.go:40.2,40.45 1 0
github.com/tinode/chat/server/store/types/uidgen.go:46.41,48.16 2 0
github.com/tinode/chat/server/store/types/uidgen.go:48.16,50.3 1 0
github.com/tinode/chat/server/store/types/uidgen.go:51.2,51.77 1 0
github.com/tinode/chat/server/store/types/uidgen.go:55.52,58.41 3 0
github.com/tinode/chat/server/store/types/uidgen.go:58.41,60.3 1 0
github.com/tinode/chat/server/store/types/uidgen.go:62.2,67.17 5 0
github.com/tinode/chat/server/store/types/uidgen.go:74.50,80.2 5 0
github.com/tinode/chat/server/store/types/uidgen.go:86.52,92.2 5 0
github.com/tinode/chat/server/drafty/drafty.go:68.55,70.16 2 1
github.com/tinode/chat/server/drafty/drafty.go:70.16,72.3 1 1
github.com/tinode/chat/server/drafty/drafty.go:73.2,73.16 1 1
github.com/tinode/chat/server/drafty/drafty.go:73.16,75.3 1 0
github.com/tinode/chat/server/drafty/drafty.go:77.2,78.16 2 1
github.com/tinode/chat/server/drafty/drafty.go:78.16,80.3 1 0
github.com/tinode/chat/server/drafty/drafty.go:81.2,81.17 1 1
github.com/tinode/chat/server/drafty/drafty.go:81.17,83.3 1 0
github.com/tinode/chat/server/drafty/drafty.go:85.2,94.54 2 1
github.com/tinode/chat/server/drafty/drafty.go:94.54,96.3 1 0
github.com/tinode/chat/server/drafty/drafty.go:98.2,100.26 3 1
github.com/tinode/chat/server/drafty/drafty.go:109.45,111.16 2 1
github.com/tinode/chat/server/drafty/drafty.go:111.16,113.3 1 1
github.com/tinode/chat/server/drafty/drafty.go:114.2,114.16 1 1
github.com/tinode/chat/server/drafty/drafty.go:114.16,116.3 1 0
github.com/tinode/chat/server/drafty/drafty.go:118.2,119.16 2 1
github.com/tinode/chat/server/drafty/drafty.go:119.16,121.3 1 1
github.com/tinode/chat/server/drafty/drafty.go:123.2,126.16 3 1
github.com/tinode/chat/server/drafty/drafty.go:126.16,128.3 1 0
github.com/tinode/chat/server/drafty/drafty.go:130.2,130.50 1 1
github.com/tinode/chat/server/drafty/drafty.go:134.45,138.15 4 1
github.com/tinode/chat/server/drafty/drafty.go:138.15,140.3 1 1
github.com/tinode/chat/server/drafty/drafty.go:141.2,143.16 2 1
github.com/tinode/chat/server/drafty/drafty.go:143.16,145.16 2 1
github.com/tinode/chat/server/drafty/drafty.go:145.16,147.4 1 0
github.com/tinode/chat/server/drafty/drafty.go:150.2,150.12 1 1
github.com/tinode/chat/server/drafty/drafty.go:173.46,174.26 1 1
github.com/tinode/chat/server/drafty/drafty.go:174.26,176.3 1 1
github.com/tinode/chat/server/drafty/drafty.go:178.2,181.28 3 1
github.com/tinode/chat/server/drafty/drafty.go:181.28,183.55 2 1
github.com/tinode/chat/server/drafty/drafty.go:183.55,185.4 1 1
github.com/tinode/chat/server/drafty/drafty.go:186.3,186.35 1 1
github.com/tinode/chat/server/drafty/drafty.go:186.35,188.4 1 1
github.com/tinode/chat/server/drafty/drafty.go:191.3,191.40 1 1
github.com/tinode/chat/server/drafty/drafty.go:191.40,192.45 1 1
github.com/tinode/chat/server/drafty/drafty.go:192.45,194.5 1 0
github.com/tinode/chat/server/drafty/drafty.go:196.4,197.31 2 1
github.com/tinode/chat/server/drafty/drafty.go:199.3,199.58 1 1
github.com/tinode/chat/server/drafty/drafty.go:199.58,201.4 1 0
github.com/tinode/chat/server/drafty/drafty.go:202.3,202.28 1 1
github.com/tinode/chat/server/drafty/drafty.go:206.2,206.40 1 1
github.com/tinode/chat/server/drafty/drafty.go:206.40,207.33 1 1
github.com/tinode/chat/server/drafty/drafty.go:207.33,210.4 1 1
github.com/tinode/chat/server/drafty/drafty.go:211.3,211.35 1 1
github.com/tinode/chat/server/drafty/drafty.go:215.2,217.29 3 1
github.com/tinode/chat/server/drafty/drafty.go:217.29,218.38 1 1
github.com/tinode/chat/server/drafty/drafty.go:218.38,219.12 1 1
github.com/tinode/chat/server/drafty/drafty.go:221.3,222.21 2 1
github.com/tinode/chat/server/drafty/drafty.go:222.21,224.4 1 1
github.com/tinode/chat/server/drafty/drafty.go:228.2,229.16 2 1
github.com/tinode/chat/server/drafty/drafty.go:229.16,231.3 1 0
github.com/tinode/chat/server/drafty/drafty.go:233.2,233.39 1 1
github.com/tinode/chat/server/drafty/drafty.go:237.76,241.34 2 1
github.com/tinode/chat/server/drafty/drafty.go:241.34,244.16 2 1
github.com/tinode/chat/server/drafty/drafty.go:244.16,247.12 2 1
github.com/tinode/chat/server/drafty/drafty.go:250.3,250.20 1 1
github.com/tinode/chat/server/drafty/drafty.go:250.20,253.4 2 1
github.com/tinode/chat/server/drafty/drafty.go:256.3,257.67 2 1
github.com/tinode/chat/server/drafty/drafty.go:257.67,260.4 2 1
github.com/tinode/chat/server/drafty/drafty.go:262.3,262.25 1 1
github.com/tinode/chat/server/drafty/drafty.go:262.25,264.4 1 1
github.com/tinode/chat/server/drafty/drafty.go:264.9,266.18 2 1
github.com/tinode/chat/server/drafty/drafty.go:266.18,268.5 1 0
github.com/tinode/chat/server/drafty/drafty.go:269.4,269.62 1 1
github.com/tinode/chat/server/drafty/drafty.go:271.3,271.17 1 1
github.com/tinode/chat/server/drafty/drafty.go:275.2,275.17 1 1
github.com/tinode/chat/server/drafty/drafty.go:275.17,277.3 1 1
github.com/tinode/chat/server/drafty/drafty.go:279.2,279.20 1 1
github.com/tinode/chat/server/drafty/drafty.go:283.49,284.36 1 1
github.com/tinode/chat/server/drafty/drafty.go:284.36,286.3 1 1
github.com/tinode/chat/server/drafty/drafty.go:288.2,289.25 2 1
github.com/tinode/chat/server/drafty/drafty.go:289.25,291.32 2 1
github.com/tinode/chat/server/drafty/drafty.go:291.32,292.55 1 1
github.com/tinode/chat/server/drafty/drafty.go:292.55,294.5 1 0
github.com/tinode/chat/server/drafty/drafty.go:296.3,296.27 1 1
github.com/tinode/chat/server/drafty/drafty.go:297.8,299.3 1 1
github.com/tinode/chat/server/drafty/drafty.go:301.2,303.17 2 1
github.com/tinode/chat/server/drafty/drafty.go:303.17,306.3 2 1
github.com/tinode/chat/server/drafty/drafty.go:308.2,308.17 1 1
github.com/tinode/chat/server/drafty/drafty.go:309.30,310.60 1 1
github.com/tinode/chat/server/drafty/drafty.go:312.12,313.69 1 1
github.com/tinode/chat/server/drafty/drafty.go:313.69,315.4 1 1
github.com/tinode/chat/server/drafty/drafty.go:315.9,317.4 1 1
github.com/tinode/chat/server/drafty/drafty.go:319.18,320.20 1 0
github.com/tinode/chat/server/drafty/drafty.go:321.12,322.20 1 1
github.com/tinode/chat/server/drafty/drafty.go:323.30,325.24 2 1
github.com/tinode/chat/server/drafty/drafty.go:325.24,327.4 1 0
github.com/tinode/chat/server/drafty/drafty.go:328.3,329.58 2 1
github.com/tinode/chat/server/drafty/drafty.go:330.12,331.24 1 0
github.com/tinode/chat/server/drafty/drafty.go:332.10,333.20 1 0
github.com/tinode/chat/server/drafty/drafty.go:335.2,335.12 1 1
github.com/tinode/chat/server/drafty/drafty.go:339.47,343.27 3 1
github.com/tinode/chat/server/drafty/drafty.go:343.27,346.3 1 1
github.com/tinode/chat/server/drafty/drafty.go:348.2,348.17 1 1
github.com/tinode/chat/server/drafty/drafty.go:348.17,349.22 1 1
github.com/tinode/chat/server/drafty/drafty.go:349.22,352.4 1 1
github.com/tinode/chat/server/drafty/drafty.go:353.3,353.33 1 1
github.com/tinode/chat/server/drafty/drafty.go:353.33,356.4 1 1
github.com/tinode/chat/server/drafty/drafty.go:359.2,359.25 1 1
github.com/tinode/chat/server/drafty/drafty.go:359.25,360.32 1 1
github.com/tinode/chat/server/drafty/drafty.go:360.32,361.51 1 1
github.com/tinode/chat/server/drafty/drafty.go:361.51,363.5 1 0
github.com/tinode/chat/server/drafty/drafty.go:365.8,367.20 2 1
github.com/tinode/chat/server/drafty/drafty.go:367.20,368.38 1 1
github.com/tinode/chat/server/drafty/drafty.go:368.38,370.5 1 1
github.com/tinode/chat/server/drafty/drafty.go:371.4,371.30 1 1
github.com/tinode/chat/server/drafty/drafty.go:371.30,373.5 1 1
github.com/tinode/chat/server/drafty/drafty.go:374.4,374.70 1 1
github.com/tinode/chat/server/drafty/drafty.go:378.2,380.17 2 1
github.com/tinode/chat/server/drafty/drafty.go:380.17,382.18 2 1
github.com/tinode/chat/server/drafty/drafty.go:382.18,384.4 1 1
github.com/tinode/chat/server/drafty/drafty.go:384.9,384.46 1 1
github.com/tinode/chat/server/drafty/drafty.go:384.46,387.4 2 1
github.com/tinode/chat/server/drafty/drafty.go:387.9,389.4 1 0
github.com/tinode/chat/server/drafty/drafty.go:391.3,391.23 1 1
github.com/tinode/chat/server/drafty/drafty.go:391.23,394.11 2 1
github.com/tinode/chat/server/drafty/drafty.go:394.11,400.5 4 1
github.com/tinode/chat/server/drafty/drafty.go:401.4,401.17 1 1
github.com/tinode/chat/server/drafty/drafty.go:402.9,404.4 1 1
github.com/tinode/chat/server/drafty/drafty.go:406.3,406.51 1 1
github.com/tinode/chat/server/drafty/drafty.go:408.2,408.12 1 1
github.com/tinode/chat/server/drafty/drafty.go:412.69,413.17 1 1
github.com/tinode/chat/server/drafty/drafty.go:413.17,415.3 1 0
github.com/tinode/chat/server/drafty/drafty.go:416.2,417.16 2 1
github.com/tinode/chat/server/drafty/drafty.go:421.53,422.20 1 1
github.com/tinode/chat/server/drafty/drafty.go:422.20,424.3 1 0
github.com/tinode/chat/server/drafty/drafty.go:426.2,428.31 2 1
github.com/tinode/chat/server/drafty/drafty.go:429.14,430.48 1 1
github.com/tinode/chat/server/drafty/drafty.go:431.22,434.41 3 1
github.com/tinode/chat/server/drafty/drafty.go:434.41,438.4 3 1
github.com/tinode/chat/server/drafty/drafty.go:439.3,439.41 1 1
github.com/tinode/chat/server/drafty/drafty.go:439.41,440.24 1 1
github.com/tinode/chat/server/drafty/drafty.go:440.24,442.19 2 1
github.com/tinode/chat/server/drafty/drafty.go:442.19,444.6 1 1
github.com/tinode/chat/server/drafty/drafty.go:445.5,445.18 1 1
github.com/tinode/chat/server/drafty/drafty.go:445.18,447.6 1 1
github.com/tinode/chat/server/drafty/drafty.go:448.5,448.14 1 1
github.com/tinode/chat/server/drafty/drafty.go:451.3,451.41 1 1
github.com/tinode/chat/server/drafty/drafty.go:451.41,452.24 1 1
github.com/tinode/chat/server/drafty/drafty.go:452.24,454.19 2 1
github.com/tinode/chat/server/drafty/drafty.go:454.19,456.6 1 0
github.com/tinode/chat/server/drafty/drafty.go:457.5,457.19 1 1
github.com/tinode/chat/server/drafty/drafty.go:457.19,459.6 1 1
github.com/tinode/chat/server/drafty/drafty.go:460.5,460.14 1 1
github.com/tinode/chat/server/drafty/drafty.go:464.3,464.19 1 1
github.com/tinode/chat/server/drafty/drafty.go:464.19,466.4 1 1
github.com/tinode/chat/server/drafty/drafty.go:467.10,468.37 1 0
github.com/tinode/chat/server/drafty/drafty.go:471.2,471.20 1 1
github.com/tinode/chat/server/drafty/drafty.go:475.49,476.20 1 1
github.com/tinode/chat/server/drafty/drafty.go:476.20,478.3 1 0
github.com/tinode/chat/server/drafty/drafty.go:480.2,481.9 2 1
github.com/tinode/chat/server/drafty/drafty.go:481.9,483.3 1 0
github.com/tinode/chat/server/drafty/drafty.go:485.2,490.16 5 1
github.com/tinode/chat/server/drafty/drafty.go:490.16,492.3 1 1
github.com/tinode/chat/server/drafty/drafty.go:494.2,495.16 2 1
github.com/tinode/chat/server/drafty/drafty.go:495.16,497.3 1 0
github.com/tinode/chat/server/drafty/drafty.go:499.2,499.17 1 1
github.com/tinode/chat/server/drafty/drafty.go:499.17,501.17 2 1
github.com/tinode/chat/server/drafty/drafty.go:501.17,503.4 1 0
github.com/tinode/chat/server/drafty/drafty.go:504.3,504.17 1 1
github.com/tinode/chat/server/drafty/drafty.go:504.17,506.4 1 1
github.com/tinode/chat/server/drafty/drafty.go:509.2,509.16 1 1
github.com/tinode/chat/server/drafty/drafty.go:513.51,514.20 1 1
github.com/tinode/chat/server/drafty/drafty.go:514.20,516.3 1 0
github.com/tinode/chat/server/drafty/drafty.go:518.2,519.9 2 1
github.com/tinode/chat/server/drafty/drafty.go:519.9,521.3 1 0
github.com/tinode/chat/server/drafty/drafty.go:523.2,526.18 3 1
github.com/tinode/chat/server/drafty/drafty.go:526.18,528.3 1 0
github.com/tinode/chat/server/drafty/drafty.go:530.2,532.17 2 1
github.com/tinode/chat/server/drafty/drafty.go:541.39,543.9 2 1
github.com/tinode/chat/server/drafty/drafty.go:543.9,545.3 1 0
github.com/tinode/chat/server/drafty/drafty.go:547.2,548.19 2 1
github.com/tinode/chat/server/drafty/drafty.go:548.19,549.35 1 1
github.com/tinode/chat/server/drafty/drafty.go:549.35,550.32 1 1
github.com/tinode/chat/server/drafty/drafty.go:550.32,551.31 1 1
github.com/tinode/chat/server/drafty/drafty.go:551.31,553.6 1 1
github.com/tinode/chat/server/drafty/drafty.go:553.11,553.72 1 1
github.com/tinode/chat/server/drafty/drafty.go:553.72,555.6 1 1
github.com/tinode/chat/server/drafty/drafty.go:558.4,558.34 1 1
github.com/tinode/chat/server/drafty/drafty.go:558.34,559.10 1 0
github.com/tinode/chat/server/drafty/drafty.go:562.3,562.23 1 1
github.com/tinode/chat/server/drafty/drafty.go:562.23,564.4 1 0
github.com/tinode/chat/server/drafty/drafty.go:566.2,566.15 1 1
github.com/tinode/chat/server/drafty/drafty.go:570.43,571.16 1 1
github.com/tinode/chat/server/drafty/drafty.go:571.16,573.3 1 1
github.com/tinode/chat/server/drafty/drafty.go:574.2,574.25 1 1
github.com/tinode/chat/server/drafty/drafty.go:575.11,576.16 1 0
github.com/tinode/chat/server/drafty/drafty.go:577.13,578.21 1 0
github.com/tinode/chat/server/drafty/drafty.go:579.13,580.21 1 0
github.com/tinode/chat/server/drafty/drafty.go:581.13,582.21 1 0
github.com/tinode/chat/server/drafty/drafty.go:583.15,584.21 1 0
github.com/tinode/chat/server/drafty/drafty.go:585.15,586.21 1 1
github.com/tinode/chat/server/drafty/drafty.go:587.10,588.30 1 1
github.com/tinode/chat/server/drafty/drafty.go:593.37,594.25 1 1
github.com/tinode/chat/server/drafty/drafty.go:595.14,596.18 1 1
github.com/tinode/chat/server/drafty/drafty.go:597.14,598.18 1 0
github.com/tinode/chat/server/drafty/drafty.go:599.10,600.12 1 0
github.com/tinode/chat/server/drafty/drafty.go:605.36,606.18 1 1
github.com/tinode/chat/server/drafty/drafty.go:608.59,609.14 1 1
github.com/tinode/chat/server/drafty/drafty.go:610.10,611.15 1 1
github.com/tinode/chat/server/drafty/grapheme.go:18.46,21.68 2 1
github.com/tinode/chat/server/drafty/grapheme.go:21.68,24.3 2 1
github.com/tinode/chat/server/drafty/grapheme.go:26.2,29.3 1 1
github.com/tinode/chat/server/drafty/grapheme.go:33.34,34.14 1 1
github.com/tinode/chat/server/drafty/grapheme.go:34.14,36.3 1 1
github.com/tinode/chat/server/drafty/grapheme.go:37.2,37.21 1 1
github.com/tinode/chat/server/drafty/grapheme.go:41.37,42.14 1 1
github.com/tinode/chat/server/drafty/grapheme.go:42.14,44.3 1 1
github.com/tinode/chat/server/drafty/grapheme.go:45.2,45.19 1 1
github.com/tinode/chat/server/drafty/grapheme.go:49.54,53.29 2 1
github.com/tinode/chat/server/drafty/grapheme.go:53.29,55.3 1 1
github.com/tinode/chat/server/drafty/grapheme.go:56.2,57.31 2 1
github.com/tinode/chat/server/drafty/grapheme.go:57.31,59.3 1 1
github.com/tinode/chat/server/drafty/grapheme.go:61.2,64.3 1 1
github.com/tinode/chat/server/drafty/grapheme.go:69.57,70.14 1 1
github.com/tinode/chat/server/drafty/grapheme.go:70.14,72.3 1 0
github.com/tinode/chat/server/drafty/grapheme.go:74.2,76.10 3 1
github.com/tinode/chat/server/logs/logs.go:19.38,21.49 2 0
github.com/tinode/chat/server/logs/logs.go:21.49,22.10 1 0
github.com/tinode/chat/server/logs/logs.go:23.20,24.22 1 0
github.com/tinode/chat/server/logs/logs.go:25.20,26.22 1 0
github.com/tinode/chat/server/logs/logs.go:27.28,28.30 1 0
github.com/tinode/chat/server/logs/logs.go:29.24,30.26 1 0
github.com/tinode/chat/server/logs/logs.go:31.25,32.27 1 0
github.com/tinode/chat/server/logs/logs.go:33.19,34.21 1 0
github.com/tinode/chat/server/logs/logs.go:35.25,36.27 1 0
github.com/tinode/chat/server/logs/logs.go:37.24,38.26 1 0
github.com/tinode/chat/server/logs/logs.go:39.11,40.55 1 0
github.com/tinode/chat/server/logs/logs.go:43.2,43.16 1 0
github.com/tinode/chat/server/logs/logs.go:43.16,45.3 1 0
github.com/tinode/chat/server/logs/logs.go:46.2,46.14 1 0
github.com/tinode/chat/server/logs/logs.go:50.46,55.2 4 0
github.com/tinode/chat/server/ringhash/ringhash.go:25.34,25.51 1 1
github.com/tinode/chat/server/ringhash/ringhash.go:26.34,26.61 1 1
github.com/tinode/chat/server/ringhash/ringhash.go:27.39,29.27 1 1
github.com/tinode/chat/server/ringhash/ringhash.go:29.27,31.3 1 1
github.com/tinode/chat/server/ringhash/ringhash.go:32.2,32.28 1 1
github.com/tinode/chat/server/ringhash/ringhash.go:32.28,34.3 1 1
github.com/tinode/chat/server/ringhash/ringhash.go:35.2,35.14 1 1
github.com/tinode/chat/server/ringhash/ringhash.go:49.39,54.26 2 1
github.com/tinode/chat/server/ringhash/ringhash.go:54.26,55.44 1 1
github.com/tinode/chat/server/ringhash/ringhash.go:55.44,59.4 3 1
github.com/tinode/chat/server/ringhash/ringhash.go:61.2,61.13 1 1
github.com/tinode/chat/server/ringhash/ringhash.go:65.29,67.2 1 1
github.com/tinode/chat/server/ringhash/ringhash.go:70.39,71.27 1 1
github.com/tinode/chat/server/ringhash/ringhash.go:71.27,72.38 1 1
github.com/tinode/chat/server/ringhash/ringhash.go:72.38,76.4 1 1
github.com/tinode/chat/server/ringhash/ringhash.go:78.2,83.32 4 1
github.com/tinode/chat/server/ringhash/ringhash.go:83.32,90.3 6 1
github.com/tinode/chat/server/ringhash/ringhash.go:92.2,96.30 5 1
github.com/tinode/chat/server/ringhash/ringhash.go:100.42,102.21 1 1
github.com/tinode/chat/server/ringhash/ringhash.go:102.21,104.3 1 0
github.com/tinode/chat/server/ringhash/ringhash.go:106.2,109.54 2 1
github.com/tinode/chat/server/ringhash/ringhash.go:109.54,112.3 2 1
github.com/tinode/chat/server/ringhash/ringhash.go:115.2,115.27 1 1
github.com/tinode/chat/server/ringhash/ringhash.go:115.27,117.3 1 1
github.com/tinode/chat/server/ringhash/ringhash.go:119.2,119.27 1 1
github.com/tinode/chat/server/ringhash/ringhash.go:126.38,128.2 1 1
github.com/tinode/chat/server/ringhash/ringhash.go:130.26,131.30 1 0
github.com/tinode/chat/server/ringhash/ringhash.go:131.30,133.3 1 0
